ERROR - 2025-10-21 04:41:49 --> Chatbot raw response: 
ERROR - 2025-10-21 04:41:52 --> Chatbot raw response: 
ERROR - 2025-10-21 04:41:53 --> Chatbot raw response: 
ERROR - 2025-10-21 04:42:06 --> Chatbot raw response: 
ERROR - 2025-10-21 04:42:13 --> Chatbot raw response: 
ERROR - 2025-10-21 04:42:32 --> Chatbot raw response: 
ERROR - 2025-10-21 04:43:01 --> Chatbot raw response: 
ERROR - 2025-10-21 04:45:40 --> Chatbot HTTP code: 404
ERROR - 2025-10-21 04:45:40 --> Chatbot raw response: 
ERROR - 2025-10-21 04:45:40 --> Chatbot cURL result: Not Found
ERROR - 2025-10-21 04:45:40 --> Chatbot HTTP code: 404
ERROR - 2025-10-21 04:45:40 --> Chatbot payload: {"inputs":"Jelaskan: test"}
ERROR - 2025-10-21 04:48:19 --> Chatbot HTTP code: 404
ERROR - 2025-10-21 04:48:19 --> Chatbot raw response: 
ERROR - 2025-10-21 04:48:19 --> Chatbot cURL result: Not Found
ERROR - 2025-10-21 04:48:19 --> Chatbot HTTP code: 404
ERROR - 2025-10-21 04:48:19 --> Chatbot payload: {"inputs":"Jelaskan: :("}
CRITICAL - 2025-10-21 08:38:43 --> CodeIgniter\HTTP\Exceptions\BadRequestException: The URI you submitted has disallowed characters: "autosummary
"
[Method: POST, Route: transkrip/autosummary%0A]
in SYSTEMPATH\Router\Router.php on line 741.
 1 SYSTEMPATH\Router\Router.php(207): CodeIgniter\Router\Router->checkDisallowedChars('transkrip/autosummary
')
 2 SYSTEMPATH\CodeIgniter.php(832): CodeIgniter\Router\Router->handle('transkrip/autosummary
')
 3 SYSTEMPATH\CodeIgniter.php(455): CodeIgniter\CodeIgniter->tryToRouteIt(Object(CodeIgniter\Router\RouteCollection))
 4 SYSTEMPATH\CodeIgniter.php(354): CodeIgniter\CodeIgniter->handleRequest(null, Object(Config\Cache), false)
 5 SYSTEMPATH\Boot.php(334): CodeIgniter\CodeIgniter->run()
 6 SYSTEMPATH\Boot.php(67): CodeIgniter\Boot::runCodeIgniter(Object(CodeIgniter\CodeIgniter))
 7 FCPATH\index.php(59): CodeIgniter\Boot::bootWeb(Object(Config\Paths))
