DEBUG - 2026-04-09 20:27:02 --> Session: Class initialized using 'CodeIgniter\Session\Handlers\FileHandler' driver.
DEBUG - 2026-04-09 20:30:54 --> Session: Class initialized using 'CodeIgniter\Session\Handlers\FileHandler' driver.
DEBUG - 2026-04-09 20:31:00 --> Session: Class initialized using 'CodeIgniter\Session\Handlers\FileHandler' driver.
DEBUG - 2026-04-09 20:31:01 --> Session: Class initialized using 'CodeIgniter\Session\Handlers\FileHandler' driver.
DEBUG - 2026-04-09 20:31:05 --> Session: Class initialized using 'CodeIgniter\Session\Handlers\FileHandler' driver.
DEBUG - 2026-04-09 20:31:06 --> Session: Class initialized using 'CodeIgniter\Session\Handlers\FileHandler' driver.
DEBUG - 2026-04-09 20:53:13 --> Session: Class initialized using 'CodeIgniter\Session\Handlers\FileHandler' driver.
ERROR - 2026-04-09 20:53:13 --> mysqli_sql_exception: Table 'permat43_cici.el_divisi' doesn't exist in C:\xampp\htdocs\notes-app\beholf\system\Database\MySQLi\Connection.php:327
Stack trace:
#0 C:\xampp\htdocs\notes-app\beholf\system\Database\MySQLi\Connection.php(327): mysqli->query('SELECT *\nFROM `...', 0)
#1 C:\xampp\htdocs\notes-app\beholf\system\Database\BaseConnection.php(738): CodeIgniter\Database\MySQLi\Connection->execute('SELECT *\nFROM `...')
#2 C:\xampp\htdocs\notes-app\beholf\system\Database\BaseConnection.php(652): CodeIgniter\Database\BaseConnection->simpleQuery('SELECT *\nFROM `...')
#3 C:\xampp\htdocs\notes-app\beholf\system\Database\BaseBuilder.php(1649): CodeIgniter\Database\BaseConnection->query('SELECT *\nFROM `...', Array, false)
#4 C:\xampp\htdocs\notes-app\beholf\system\Model.php(286): CodeIgniter\Database\BaseBuilder->get()
#5 C:\xampp\htdocs\notes-app\beholf\system\BaseModel.php(679): CodeIgniter\Model->doFindAll(0, 0)
#6 C:\xampp\htdocs\notes-app\beholf\app\Controllers\Divisi.php(17): CodeIgniter\BaseModel->findAll()
#7 C:\xampp\htdocs\notes-app\beholf\system\CodeIgniter.php(933): App\Controllers\Divisi->index()
#8 C:\xampp\htdocs\notes-app\beholf\system\CodeIgniter.php(507): CodeIgniter\CodeIgniter->runController(Object(App\Controllers\Divisi))
#9 C:\xampp\htdocs\notes-app\beholf\system\CodeIgniter.php(354): CodeIgniter\CodeIgniter->handleRequest(NULL, Object(Config\Cache), false)
#10 C:\xampp\htdocs\notes-app\beholf\system\Boot.php(334): CodeIgniter\CodeIgniter->run()
#11 C:\xampp\htdocs\notes-app\beholf\system\Boot.php(67): CodeIgniter\Boot::runCodeIgniter(Object(CodeIgniter\CodeIgniter))
#12 C:\xampp\htdocs\notes-app\index.php(59): CodeIgniter\Boot::bootWeb(Object(Config\Paths))
#13 {main}
CRITICAL - 2026-04-09 20:53:13 --> CodeIgniter\Database\Exceptions\DatabaseException: Table 'permat43_cici.el_divisi' doesn't exist
[Method: GET, Route: divisi]
in SYSTEMPATH\Database\BaseConnection.php on line 692.
 1 SYSTEMPATH\Database\BaseBuilder.php(1649): CodeIgniter\Database\BaseConnection->query('SELECT *
FROM `el_divisi`
WHERE `status_delete` = :status_delete:', [...], false)
 2 SYSTEMPATH\Model.php(286): CodeIgniter\Database\BaseBuilder->get()
 3 SYSTEMPATH\BaseModel.php(679): CodeIgniter\Model->doFindAll(0, 0)
 4 APPPATH\Controllers\Divisi.php(17): CodeIgniter\BaseModel->findAll()
 5 SYSTEMPATH\CodeIgniter.php(933): App\Controllers\Divisi->index()
 6 SYSTEMPATH\CodeIgniter.php(507): CodeIgniter\CodeIgniter->runController(Object(App\Controllers\Divisi))
 7 SYSTEMPATH\CodeIgniter.php(354): CodeIgniter\CodeIgniter->handleRequest(null, Object(Config\Cache), false)
 8 SYSTEMPATH\Boot.php(334): CodeIgniter\CodeIgniter->run()
 9 SYSTEMPATH\Boot.php(67): CodeIgniter\Boot::runCodeIgniter(Object(CodeIgniter\CodeIgniter))
10 FCPATH\index.php(59): CodeIgniter\Boot::bootWeb(Object(Config\Paths))
CRITICAL - 2026-04-09 20:53:13 --> [Caused by] CodeIgniter\Database\Exceptions\DatabaseException: Table 'permat43_cici.el_divisi' doesn't exist
in SYSTEMPATH\Database\MySQLi\Connection.php on line 332.
 1 SYSTEMPATH\Database\BaseConnection.php(738): CodeIgniter\Database\MySQLi\Connection->execute('SELECT *
FROM `el_divisi`
WHERE `status_delete` = 0')
 2 SYSTEMPATH\Database\BaseConnection.php(652): CodeIgniter\Database\BaseConnection->simpleQuery('SELECT *
FROM `el_divisi`
WHERE `status_delete` = 0')
 3 SYSTEMPATH\Database\BaseBuilder.php(1649): CodeIgniter\Database\BaseConnection->query('SELECT *
FROM `el_divisi`
WHERE `status_delete` = :status_delete:', [...], false)
 4 SYSTEMPATH\Model.php(286): CodeIgniter\Database\BaseBuilder->get()
 5 SYSTEMPATH\BaseModel.php(679): CodeIgniter\Model->doFindAll(0, 0)
 6 APPPATH\Controllers\Divisi.php(17): CodeIgniter\BaseModel->findAll()
 7 SYSTEMPATH\CodeIgniter.php(933): App\Controllers\Divisi->index()
 8 SYSTEMPATH\CodeIgniter.php(507): CodeIgniter\CodeIgniter->runController(Object(App\Controllers\Divisi))
 9 SYSTEMPATH\CodeIgniter.php(354): CodeIgniter\CodeIgniter->handleRequest(null, Object(Config\Cache), false)
10 SYSTEMPATH\Boot.php(334): CodeIgniter\CodeIgniter->run()
11 SYSTEMPATH\Boot.php(67): CodeIgniter\Boot::runCodeIgniter(Object(CodeIgniter\CodeIgniter))
12 FCPATH\index.php(59): CodeIgniter\Boot::bootWeb(Object(Config\Paths))
CRITICAL - 2026-04-09 20:53:13 --> [Caused by] mysqli_sql_exception: Table 'permat43_cici.el_divisi' doesn't exist
in SYSTEMPATH\Database\MySQLi\Connection.php on line 327.
 1 SYSTEMPATH\Database\MySQLi\Connection.php(327): mysqli->query('SELECT *
FROM `el_divisi`
WHERE `status_delete` = 0', 0)
 2 SYSTEMPATH\Database\BaseConnection.php(738): CodeIgniter\Database\MySQLi\Connection->execute('SELECT *
FROM `el_divisi`
WHERE `status_delete` = 0')
 3 SYSTEMPATH\Database\BaseConnection.php(652): CodeIgniter\Database\BaseConnection->simpleQuery('SELECT *
FROM `el_divisi`
WHERE `status_delete` = 0')
 4 SYSTEMPATH\Database\BaseBuilder.php(1649): CodeIgniter\Database\BaseConnection->query('SELECT *
FROM `el_divisi`
WHERE `status_delete` = :status_delete:', [...], false)
 5 SYSTEMPATH\Model.php(286): CodeIgniter\Database\BaseBuilder->get()
 6 SYSTEMPATH\BaseModel.php(679): CodeIgniter\Model->doFindAll(0, 0)
 7 APPPATH\Controllers\Divisi.php(17): CodeIgniter\BaseModel->findAll()
 8 SYSTEMPATH\CodeIgniter.php(933): App\Controllers\Divisi->index()
 9 SYSTEMPATH\CodeIgniter.php(507): CodeIgniter\CodeIgniter->runController(Object(App\Controllers\Divisi))
10 SYSTEMPATH\CodeIgniter.php(354): CodeIgniter\CodeIgniter->handleRequest(null, Object(Config\Cache), false)
11 SYSTEMPATH\Boot.php(334): CodeIgniter\CodeIgniter->run()
12 SYSTEMPATH\Boot.php(67): CodeIgniter\Boot::runCodeIgniter(Object(CodeIgniter\CodeIgniter))
13 FCPATH\index.php(59): CodeIgniter\Boot::bootWeb(Object(Config\Paths))
DEBUG - 2026-04-09 20:58:12 --> Session: Class initialized using 'CodeIgniter\Session\Handlers\FileHandler' driver.
ERROR - 2026-04-09 20:58:12 --> mysqli_sql_exception: Table 'permat43_cici.el_divisi' doesn't exist in C:\xampp\htdocs\notes-app\beholf\system\Database\MySQLi\Connection.php:327
Stack trace:
#0 C:\xampp\htdocs\notes-app\beholf\system\Database\MySQLi\Connection.php(327): mysqli->query('SELECT *\nFROM `...', 0)
#1 C:\xampp\htdocs\notes-app\beholf\system\Database\BaseConnection.php(738): CodeIgniter\Database\MySQLi\Connection->execute('SELECT *\nFROM `...')
#2 C:\xampp\htdocs\notes-app\beholf\system\Database\BaseConnection.php(652): CodeIgniter\Database\BaseConnection->simpleQuery('SELECT *\nFROM `...')
#3 C:\xampp\htdocs\notes-app\beholf\system\Database\BaseBuilder.php(1649): CodeIgniter\Database\BaseConnection->query('SELECT *\nFROM `...', Array, false)
#4 C:\xampp\htdocs\notes-app\beholf\system\Model.php(286): CodeIgniter\Database\BaseBuilder->get()
#5 C:\xampp\htdocs\notes-app\beholf\system\BaseModel.php(679): CodeIgniter\Model->doFindAll(0, 0)
#6 C:\xampp\htdocs\notes-app\beholf\app\Controllers\Divisi.php(17): CodeIgniter\BaseModel->findAll()
#7 C:\xampp\htdocs\notes-app\beholf\system\CodeIgniter.php(933): App\Controllers\Divisi->index()
#8 C:\xampp\htdocs\notes-app\beholf\system\CodeIgniter.php(507): CodeIgniter\CodeIgniter->runController(Object(App\Controllers\Divisi))
#9 C:\xampp\htdocs\notes-app\beholf\system\CodeIgniter.php(354): CodeIgniter\CodeIgniter->handleRequest(NULL, Object(Config\Cache), false)
#10 C:\xampp\htdocs\notes-app\beholf\system\Boot.php(334): CodeIgniter\CodeIgniter->run()
#11 C:\xampp\htdocs\notes-app\beholf\system\Boot.php(67): CodeIgniter\Boot::runCodeIgniter(Object(CodeIgniter\CodeIgniter))
#12 C:\xampp\htdocs\notes-app\index.php(59): CodeIgniter\Boot::bootWeb(Object(Config\Paths))
#13 {main}
CRITICAL - 2026-04-09 20:58:12 --> CodeIgniter\Database\Exceptions\DatabaseException: Table 'permat43_cici.el_divisi' doesn't exist
[Method: GET, Route: divisi]
in SYSTEMPATH\Database\BaseConnection.php on line 692.
 1 SYSTEMPATH\Database\BaseBuilder.php(1649): CodeIgniter\Database\BaseConnection->query('SELECT *
FROM `el_divisi`
WHERE `status_delete` = :status_delete:', [...], false)
 2 SYSTEMPATH\Model.php(286): CodeIgniter\Database\BaseBuilder->get()
 3 SYSTEMPATH\BaseModel.php(679): CodeIgniter\Model->doFindAll(0, 0)
 4 APPPATH\Controllers\Divisi.php(17): CodeIgniter\BaseModel->findAll()
 5 SYSTEMPATH\CodeIgniter.php(933): App\Controllers\Divisi->index()
 6 SYSTEMPATH\CodeIgniter.php(507): CodeIgniter\CodeIgniter->runController(Object(App\Controllers\Divisi))
 7 SYSTEMPATH\CodeIgniter.php(354): CodeIgniter\CodeIgniter->handleRequest(null, Object(Config\Cache), false)
 8 SYSTEMPATH\Boot.php(334): CodeIgniter\CodeIgniter->run()
 9 SYSTEMPATH\Boot.php(67): CodeIgniter\Boot::runCodeIgniter(Object(CodeIgniter\CodeIgniter))
10 FCPATH\index.php(59): CodeIgniter\Boot::bootWeb(Object(Config\Paths))
CRITICAL - 2026-04-09 20:58:12 --> [Caused by] CodeIgniter\Database\Exceptions\DatabaseException: Table 'permat43_cici.el_divisi' doesn't exist
in SYSTEMPATH\Database\MySQLi\Connection.php on line 332.
 1 SYSTEMPATH\Database\BaseConnection.php(738): CodeIgniter\Database\MySQLi\Connection->execute('SELECT *
FROM `el_divisi`
WHERE `status_delete` = 0')
 2 SYSTEMPATH\Database\BaseConnection.php(652): CodeIgniter\Database\BaseConnection->simpleQuery('SELECT *
FROM `el_divisi`
WHERE `status_delete` = 0')
 3 SYSTEMPATH\Database\BaseBuilder.php(1649): CodeIgniter\Database\BaseConnection->query('SELECT *
FROM `el_divisi`
WHERE `status_delete` = :status_delete:', [...], false)
 4 SYSTEMPATH\Model.php(286): CodeIgniter\Database\BaseBuilder->get()
 5 SYSTEMPATH\BaseModel.php(679): CodeIgniter\Model->doFindAll(0, 0)
 6 APPPATH\Controllers\Divisi.php(17): CodeIgniter\BaseModel->findAll()
 7 SYSTEMPATH\CodeIgniter.php(933): App\Controllers\Divisi->index()
 8 SYSTEMPATH\CodeIgniter.php(507): CodeIgniter\CodeIgniter->runController(Object(App\Controllers\Divisi))
 9 SYSTEMPATH\CodeIgniter.php(354): CodeIgniter\CodeIgniter->handleRequest(null, Object(Config\Cache), false)
10 SYSTEMPATH\Boot.php(334): CodeIgniter\CodeIgniter->run()
11 SYSTEMPATH\Boot.php(67): CodeIgniter\Boot::runCodeIgniter(Object(CodeIgniter\CodeIgniter))
12 FCPATH\index.php(59): CodeIgniter\Boot::bootWeb(Object(Config\Paths))
CRITICAL - 2026-04-09 20:58:12 --> [Caused by] mysqli_sql_exception: Table 'permat43_cici.el_divisi' doesn't exist
in SYSTEMPATH\Database\MySQLi\Connection.php on line 327.
 1 SYSTEMPATH\Database\MySQLi\Connection.php(327): mysqli->query('SELECT *
FROM `el_divisi`
WHERE `status_delete` = 0', 0)
 2 SYSTEMPATH\Database\BaseConnection.php(738): CodeIgniter\Database\MySQLi\Connection->execute('SELECT *
FROM `el_divisi`
WHERE `status_delete` = 0')
 3 SYSTEMPATH\Database\BaseConnection.php(652): CodeIgniter\Database\BaseConnection->simpleQuery('SELECT *
FROM `el_divisi`
WHERE `status_delete` = 0')
 4 SYSTEMPATH\Database\BaseBuilder.php(1649): CodeIgniter\Database\BaseConnection->query('SELECT *
FROM `el_divisi`
WHERE `status_delete` = :status_delete:', [...], false)
 5 SYSTEMPATH\Model.php(286): CodeIgniter\Database\BaseBuilder->get()
 6 SYSTEMPATH\BaseModel.php(679): CodeIgniter\Model->doFindAll(0, 0)
 7 APPPATH\Controllers\Divisi.php(17): CodeIgniter\BaseModel->findAll()
 8 SYSTEMPATH\CodeIgniter.php(933): App\Controllers\Divisi->index()
 9 SYSTEMPATH\CodeIgniter.php(507): CodeIgniter\CodeIgniter->runController(Object(App\Controllers\Divisi))
10 SYSTEMPATH\CodeIgniter.php(354): CodeIgniter\CodeIgniter->handleRequest(null, Object(Config\Cache), false)
11 SYSTEMPATH\Boot.php(334): CodeIgniter\CodeIgniter->run()
12 SYSTEMPATH\Boot.php(67): CodeIgniter\Boot::runCodeIgniter(Object(CodeIgniter\CodeIgniter))
13 FCPATH\index.php(59): CodeIgniter\Boot::bootWeb(Object(Config\Paths))
DEBUG - 2026-04-09 21:03:43 --> Session: Class initialized using 'CodeIgniter\Session\Handlers\FileHandler' driver.
ERROR - 2026-04-09 21:03:43 --> mysqli_sql_exception: Table 'permat43_cici.el_divisi' doesn't exist in C:\xampp\htdocs\notes-app\beholf\system\Database\MySQLi\Connection.php:327
Stack trace:
#0 C:\xampp\htdocs\notes-app\beholf\system\Database\MySQLi\Connection.php(327): mysqli->query('SELECT *\nFROM `...', 0)
#1 C:\xampp\htdocs\notes-app\beholf\system\Database\BaseConnection.php(738): CodeIgniter\Database\MySQLi\Connection->execute('SELECT *\nFROM `...')
#2 C:\xampp\htdocs\notes-app\beholf\system\Database\BaseConnection.php(652): CodeIgniter\Database\BaseConnection->simpleQuery('SELECT *\nFROM `...')
#3 C:\xampp\htdocs\notes-app\beholf\system\Database\BaseBuilder.php(1649): CodeIgniter\Database\BaseConnection->query('SELECT *\nFROM `...', Array, false)
#4 C:\xampp\htdocs\notes-app\beholf\system\Model.php(286): CodeIgniter\Database\BaseBuilder->get()
#5 C:\xampp\htdocs\notes-app\beholf\system\BaseModel.php(679): CodeIgniter\Model->doFindAll(0, 0)
#6 C:\xampp\htdocs\notes-app\beholf\app\Controllers\Divisi.php(17): CodeIgniter\BaseModel->findAll()
#7 C:\xampp\htdocs\notes-app\beholf\system\CodeIgniter.php(933): App\Controllers\Divisi->index()
#8 C:\xampp\htdocs\notes-app\beholf\system\CodeIgniter.php(507): CodeIgniter\CodeIgniter->runController(Object(App\Controllers\Divisi))
#9 C:\xampp\htdocs\notes-app\beholf\system\CodeIgniter.php(354): CodeIgniter\CodeIgniter->handleRequest(NULL, Object(Config\Cache), false)
#10 C:\xampp\htdocs\notes-app\beholf\system\Boot.php(334): CodeIgniter\CodeIgniter->run()
#11 C:\xampp\htdocs\notes-app\beholf\system\Boot.php(67): CodeIgniter\Boot::runCodeIgniter(Object(CodeIgniter\CodeIgniter))
#12 C:\xampp\htdocs\notes-app\index.php(59): CodeIgniter\Boot::bootWeb(Object(Config\Paths))
#13 {main}
CRITICAL - 2026-04-09 21:03:43 --> CodeIgniter\Database\Exceptions\DatabaseException: Table 'permat43_cici.el_divisi' doesn't exist
[Method: GET, Route: divisi]
in SYSTEMPATH\Database\BaseConnection.php on line 692.
 1 SYSTEMPATH\Database\BaseBuilder.php(1649): CodeIgniter\Database\BaseConnection->query('SELECT *
FROM `el_divisi`
WHERE `status_delete` = :status_delete:', [...], false)
 2 SYSTEMPATH\Model.php(286): CodeIgniter\Database\BaseBuilder->get()
 3 SYSTEMPATH\BaseModel.php(679): CodeIgniter\Model->doFindAll(0, 0)
 4 APPPATH\Controllers\Divisi.php(17): CodeIgniter\BaseModel->findAll()
 5 SYSTEMPATH\CodeIgniter.php(933): App\Controllers\Divisi->index()
 6 SYSTEMPATH\CodeIgniter.php(507): CodeIgniter\CodeIgniter->runController(Object(App\Controllers\Divisi))
 7 SYSTEMPATH\CodeIgniter.php(354): CodeIgniter\CodeIgniter->handleRequest(null, Object(Config\Cache), false)
 8 SYSTEMPATH\Boot.php(334): CodeIgniter\CodeIgniter->run()
 9 SYSTEMPATH\Boot.php(67): CodeIgniter\Boot::runCodeIgniter(Object(CodeIgniter\CodeIgniter))
10 FCPATH\index.php(59): CodeIgniter\Boot::bootWeb(Object(Config\Paths))
CRITICAL - 2026-04-09 21:03:43 --> [Caused by] CodeIgniter\Database\Exceptions\DatabaseException: Table 'permat43_cici.el_divisi' doesn't exist
in SYSTEMPATH\Database\MySQLi\Connection.php on line 332.
 1 SYSTEMPATH\Database\BaseConnection.php(738): CodeIgniter\Database\MySQLi\Connection->execute('SELECT *
FROM `el_divisi`
WHERE `status_delete` = 0')
 2 SYSTEMPATH\Database\BaseConnection.php(652): CodeIgniter\Database\BaseConnection->simpleQuery('SELECT *
FROM `el_divisi`
WHERE `status_delete` = 0')
 3 SYSTEMPATH\Database\BaseBuilder.php(1649): CodeIgniter\Database\BaseConnection->query('SELECT *
FROM `el_divisi`
WHERE `status_delete` = :status_delete:', [...], false)
 4 SYSTEMPATH\Model.php(286): CodeIgniter\Database\BaseBuilder->get()
 5 SYSTEMPATH\BaseModel.php(679): CodeIgniter\Model->doFindAll(0, 0)
 6 APPPATH\Controllers\Divisi.php(17): CodeIgniter\BaseModel->findAll()
 7 SYSTEMPATH\CodeIgniter.php(933): App\Controllers\Divisi->index()
 8 SYSTEMPATH\CodeIgniter.php(507): CodeIgniter\CodeIgniter->runController(Object(App\Controllers\Divisi))
 9 SYSTEMPATH\CodeIgniter.php(354): CodeIgniter\CodeIgniter->handleRequest(null, Object(Config\Cache), false)
10 SYSTEMPATH\Boot.php(334): CodeIgniter\CodeIgniter->run()
11 SYSTEMPATH\Boot.php(67): CodeIgniter\Boot::runCodeIgniter(Object(CodeIgniter\CodeIgniter))
12 FCPATH\index.php(59): CodeIgniter\Boot::bootWeb(Object(Config\Paths))
CRITICAL - 2026-04-09 21:03:43 --> [Caused by] mysqli_sql_exception: Table 'permat43_cici.el_divisi' doesn't exist
in SYSTEMPATH\Database\MySQLi\Connection.php on line 327.
 1 SYSTEMPATH\Database\MySQLi\Connection.php(327): mysqli->query('SELECT *
FROM `el_divisi`
WHERE `status_delete` = 0', 0)
 2 SYSTEMPATH\Database\BaseConnection.php(738): CodeIgniter\Database\MySQLi\Connection->execute('SELECT *
FROM `el_divisi`
WHERE `status_delete` = 0')
 3 SYSTEMPATH\Database\BaseConnection.php(652): CodeIgniter\Database\BaseConnection->simpleQuery('SELECT *
FROM `el_divisi`
WHERE `status_delete` = 0')
 4 SYSTEMPATH\Database\BaseBuilder.php(1649): CodeIgniter\Database\BaseConnection->query('SELECT *
FROM `el_divisi`
WHERE `status_delete` = :status_delete:', [...], false)
 5 SYSTEMPATH\Model.php(286): CodeIgniter\Database\BaseBuilder->get()
 6 SYSTEMPATH\BaseModel.php(679): CodeIgniter\Model->doFindAll(0, 0)
 7 APPPATH\Controllers\Divisi.php(17): CodeIgniter\BaseModel->findAll()
 8 SYSTEMPATH\CodeIgniter.php(933): App\Controllers\Divisi->index()
 9 SYSTEMPATH\CodeIgniter.php(507): CodeIgniter\CodeIgniter->runController(Object(App\Controllers\Divisi))
10 SYSTEMPATH\CodeIgniter.php(354): CodeIgniter\CodeIgniter->handleRequest(null, Object(Config\Cache), false)
11 SYSTEMPATH\Boot.php(334): CodeIgniter\CodeIgniter->run()
12 SYSTEMPATH\Boot.php(67): CodeIgniter\Boot::runCodeIgniter(Object(CodeIgniter\CodeIgniter))
13 FCPATH\index.php(59): CodeIgniter\Boot::bootWeb(Object(Config\Paths))
DEBUG - 2026-04-09 21:03:44 --> Session: Class initialized using 'CodeIgniter\Session\Handlers\FileHandler' driver.
ERROR - 2026-04-09 21:03:44 --> mysqli_sql_exception: Table 'permat43_cici.el_divisi' doesn't exist in C:\xampp\htdocs\notes-app\beholf\system\Database\MySQLi\Connection.php:327
Stack trace:
#0 C:\xampp\htdocs\notes-app\beholf\system\Database\MySQLi\Connection.php(327): mysqli->query('SELECT *\nFROM `...', 0)
#1 C:\xampp\htdocs\notes-app\beholf\system\Database\BaseConnection.php(738): CodeIgniter\Database\MySQLi\Connection->execute('SELECT *\nFROM `...')
#2 C:\xampp\htdocs\notes-app\beholf\system\Database\BaseConnection.php(652): CodeIgniter\Database\BaseConnection->simpleQuery('SELECT *\nFROM `...')
#3 C:\xampp\htdocs\notes-app\beholf\system\Database\BaseBuilder.php(1649): CodeIgniter\Database\BaseConnection->query('SELECT *\nFROM `...', Array, false)
#4 C:\xampp\htdocs\notes-app\beholf\system\Model.php(286): CodeIgniter\Database\BaseBuilder->get()
#5 C:\xampp\htdocs\notes-app\beholf\system\BaseModel.php(679): CodeIgniter\Model->doFindAll(0, 0)
#6 C:\xampp\htdocs\notes-app\beholf\app\Controllers\Divisi.php(17): CodeIgniter\BaseModel->findAll()
#7 C:\xampp\htdocs\notes-app\beholf\system\CodeIgniter.php(933): App\Controllers\Divisi->index()
#8 C:\xampp\htdocs\notes-app\beholf\system\CodeIgniter.php(507): CodeIgniter\CodeIgniter->runController(Object(App\Controllers\Divisi))
#9 C:\xampp\htdocs\notes-app\beholf\system\CodeIgniter.php(354): CodeIgniter\CodeIgniter->handleRequest(NULL, Object(Config\Cache), false)
#10 C:\xampp\htdocs\notes-app\beholf\system\Boot.php(334): CodeIgniter\CodeIgniter->run()
#11 C:\xampp\htdocs\notes-app\beholf\system\Boot.php(67): CodeIgniter\Boot::runCodeIgniter(Object(CodeIgniter\CodeIgniter))
#12 C:\xampp\htdocs\notes-app\index.php(59): CodeIgniter\Boot::bootWeb(Object(Config\Paths))
#13 {main}
CRITICAL - 2026-04-09 21:03:44 --> CodeIgniter\Database\Exceptions\DatabaseException: Table 'permat43_cici.el_divisi' doesn't exist
[Method: GET, Route: divisi]
in SYSTEMPATH\Database\BaseConnection.php on line 692.
 1 SYSTEMPATH\Database\BaseBuilder.php(1649): CodeIgniter\Database\BaseConnection->query('SELECT *
FROM `el_divisi`
WHERE `status_delete` = :status_delete:', [...], false)
 2 SYSTEMPATH\Model.php(286): CodeIgniter\Database\BaseBuilder->get()
 3 SYSTEMPATH\BaseModel.php(679): CodeIgniter\Model->doFindAll(0, 0)
 4 APPPATH\Controllers\Divisi.php(17): CodeIgniter\BaseModel->findAll()
 5 SYSTEMPATH\CodeIgniter.php(933): App\Controllers\Divisi->index()
 6 SYSTEMPATH\CodeIgniter.php(507): CodeIgniter\CodeIgniter->runController(Object(App\Controllers\Divisi))
 7 SYSTEMPATH\CodeIgniter.php(354): CodeIgniter\CodeIgniter->handleRequest(null, Object(Config\Cache), false)
 8 SYSTEMPATH\Boot.php(334): CodeIgniter\CodeIgniter->run()
 9 SYSTEMPATH\Boot.php(67): CodeIgniter\Boot::runCodeIgniter(Object(CodeIgniter\CodeIgniter))
10 FCPATH\index.php(59): CodeIgniter\Boot::bootWeb(Object(Config\Paths))
CRITICAL - 2026-04-09 21:03:44 --> [Caused by] CodeIgniter\Database\Exceptions\DatabaseException: Table 'permat43_cici.el_divisi' doesn't exist
in SYSTEMPATH\Database\MySQLi\Connection.php on line 332.
 1 SYSTEMPATH\Database\BaseConnection.php(738): CodeIgniter\Database\MySQLi\Connection->execute('SELECT *
FROM `el_divisi`
WHERE `status_delete` = 0')
 2 SYSTEMPATH\Database\BaseConnection.php(652): CodeIgniter\Database\BaseConnection->simpleQuery('SELECT *
FROM `el_divisi`
WHERE `status_delete` = 0')
 3 SYSTEMPATH\Database\BaseBuilder.php(1649): CodeIgniter\Database\BaseConnection->query('SELECT *
FROM `el_divisi`
WHERE `status_delete` = :status_delete:', [...], false)
 4 SYSTEMPATH\Model.php(286): CodeIgniter\Database\BaseBuilder->get()
 5 SYSTEMPATH\BaseModel.php(679): CodeIgniter\Model->doFindAll(0, 0)
 6 APPPATH\Controllers\Divisi.php(17): CodeIgniter\BaseModel->findAll()
 7 SYSTEMPATH\CodeIgniter.php(933): App\Controllers\Divisi->index()
 8 SYSTEMPATH\CodeIgniter.php(507): CodeIgniter\CodeIgniter->runController(Object(App\Controllers\Divisi))
 9 SYSTEMPATH\CodeIgniter.php(354): CodeIgniter\CodeIgniter->handleRequest(null, Object(Config\Cache), false)
10 SYSTEMPATH\Boot.php(334): CodeIgniter\CodeIgniter->run()
11 SYSTEMPATH\Boot.php(67): CodeIgniter\Boot::runCodeIgniter(Object(CodeIgniter\CodeIgniter))
12 FCPATH\index.php(59): CodeIgniter\Boot::bootWeb(Object(Config\Paths))
CRITICAL - 2026-04-09 21:03:44 --> [Caused by] mysqli_sql_exception: Table 'permat43_cici.el_divisi' doesn't exist
in SYSTEMPATH\Database\MySQLi\Connection.php on line 327.
 1 SYSTEMPATH\Database\MySQLi\Connection.php(327): mysqli->query('SELECT *
FROM `el_divisi`
WHERE `status_delete` = 0', 0)
 2 SYSTEMPATH\Database\BaseConnection.php(738): CodeIgniter\Database\MySQLi\Connection->execute('SELECT *
FROM `el_divisi`
WHERE `status_delete` = 0')
 3 SYSTEMPATH\Database\BaseConnection.php(652): CodeIgniter\Database\BaseConnection->simpleQuery('SELECT *
FROM `el_divisi`
WHERE `status_delete` = 0')
 4 SYSTEMPATH\Database\BaseBuilder.php(1649): CodeIgniter\Database\BaseConnection->query('SELECT *
FROM `el_divisi`
WHERE `status_delete` = :status_delete:', [...], false)
 5 SYSTEMPATH\Model.php(286): CodeIgniter\Database\BaseBuilder->get()
 6 SYSTEMPATH\BaseModel.php(679): CodeIgniter\Model->doFindAll(0, 0)
 7 APPPATH\Controllers\Divisi.php(17): CodeIgniter\BaseModel->findAll()
 8 SYSTEMPATH\CodeIgniter.php(933): App\Controllers\Divisi->index()
 9 SYSTEMPATH\CodeIgniter.php(507): CodeIgniter\CodeIgniter->runController(Object(App\Controllers\Divisi))
10 SYSTEMPATH\CodeIgniter.php(354): CodeIgniter\CodeIgniter->handleRequest(null, Object(Config\Cache), false)
11 SYSTEMPATH\Boot.php(334): CodeIgniter\CodeIgniter->run()
12 SYSTEMPATH\Boot.php(67): CodeIgniter\Boot::runCodeIgniter(Object(CodeIgniter\CodeIgniter))
13 FCPATH\index.php(59): CodeIgniter\Boot::bootWeb(Object(Config\Paths))
DEBUG - 2026-04-09 21:03:44 --> Session: Class initialized using 'CodeIgniter\Session\Handlers\FileHandler' driver.
ERROR - 2026-04-09 21:03:44 --> mysqli_sql_exception: Table 'permat43_cici.el_transkrip_rapat' doesn't exist in C:\xampp\htdocs\notes-app\beholf\system\Database\MySQLi\Connection.php:327
Stack trace:
#0 C:\xampp\htdocs\notes-app\beholf\system\Database\MySQLi\Connection.php(327): mysqli->query('SELECT COUNT(*)...', 0)
#1 C:\xampp\htdocs\notes-app\beholf\system\Database\BaseConnection.php(738): CodeIgniter\Database\MySQLi\Connection->execute('SELECT COUNT(*)...')
#2 C:\xampp\htdocs\notes-app\beholf\system\Database\BaseConnection.php(652): CodeIgniter\Database\BaseConnection->simpleQuery('SELECT COUNT(*)...')
#3 C:\xampp\htdocs\notes-app\beholf\system\Database\BaseBuilder.php(1733): CodeIgniter\Database\BaseConnection->query('SELECT COUNT(*)...', Array, false)
#4 C:\xampp\htdocs\notes-app\beholf\system\Model.php(676): CodeIgniter\Database\BaseBuilder->countAllResults(true)
#5 C:\xampp\htdocs\notes-app\beholf\app\Controllers\Admin.php(22): CodeIgniter\Model->countAllResults()
#6 C:\xampp\htdocs\notes-app\beholf\system\CodeIgniter.php(933): App\Controllers\Admin->index()
#7 C:\xampp\htdocs\notes-app\beholf\system\CodeIgniter.php(507): CodeIgniter\CodeIgniter->runController(Object(App\Controllers\Admin))
#8 C:\xampp\htdocs\notes-app\beholf\system\CodeIgniter.php(354): CodeIgniter\CodeIgniter->handleRequest(NULL, Object(Config\Cache), false)
#9 C:\xampp\htdocs\notes-app\beholf\system\Boot.php(334): CodeIgniter\CodeIgniter->run()
#10 C:\xampp\htdocs\notes-app\beholf\system\Boot.php(67): CodeIgniter\Boot::runCodeIgniter(Object(CodeIgniter\CodeIgniter))
#11 C:\xampp\htdocs\notes-app\index.php(59): CodeIgniter\Boot::bootWeb(Object(Config\Paths))
#12 {main}
CRITICAL - 2026-04-09 21:03:44 --> CodeIgniter\Database\Exceptions\DatabaseException: Table 'permat43_cici.el_transkrip_rapat' doesn't exist
[Method: GET, Route: Admin]
in SYSTEMPATH\Database\BaseConnection.php on line 692.
 1 SYSTEMPATH\Database\BaseBuilder.php(1733): CodeIgniter\Database\BaseConnection->query('SELECT COUNT(*) AS `numrows`
FROM `el_transkrip_rapat`', [], false)
 2 SYSTEMPATH\Model.php(676): CodeIgniter\Database\BaseBuilder->countAllResults(true)
 3 APPPATH\Controllers\Admin.php(22): CodeIgniter\Model->countAllResults()
 4 SYSTEMPATH\CodeIgniter.php(933): App\Controllers\Admin->index()
 5 SYSTEMPATH\CodeIgniter.php(507): CodeIgniter\CodeIgniter->runController(Object(App\Controllers\Admin))
 6 SYSTEMPATH\CodeIgniter.php(354): CodeIgniter\CodeIgniter->handleRequest(null, Object(Config\Cache), false)
 7 SYSTEMPATH\Boot.php(334): CodeIgniter\CodeIgniter->run()
 8 SYSTEMPATH\Boot.php(67): CodeIgniter\Boot::runCodeIgniter(Object(CodeIgniter\CodeIgniter))
 9 FCPATH\index.php(59): CodeIgniter\Boot::bootWeb(Object(Config\Paths))
CRITICAL - 2026-04-09 21:03:44 --> [Caused by] CodeIgniter\Database\Exceptions\DatabaseException: Table 'permat43_cici.el_transkrip_rapat' doesn't exist
in SYSTEMPATH\Database\MySQLi\Connection.php on line 332.
 1 SYSTEMPATH\Database\BaseConnection.php(738): CodeIgniter\Database\MySQLi\Connection->execute('SELECT COUNT(*) AS `numrows`
FROM `el_transkrip_rapat`')
 2 SYSTEMPATH\Database\BaseConnection.php(652): CodeIgniter\Database\BaseConnection->simpleQuery('SELECT COUNT(*) AS `numrows`
FROM `el_transkrip_rapat`')
 3 SYSTEMPATH\Database\BaseBuilder.php(1733): CodeIgniter\Database\BaseConnection->query('SELECT COUNT(*) AS `numrows`
FROM `el_transkrip_rapat`', [], false)
 4 SYSTEMPATH\Model.php(676): CodeIgniter\Database\BaseBuilder->countAllResults(true)
 5 APPPATH\Controllers\Admin.php(22): CodeIgniter\Model->countAllResults()
 6 SYSTEMPATH\CodeIgniter.php(933): App\Controllers\Admin->index()
 7 SYSTEMPATH\CodeIgniter.php(507): CodeIgniter\CodeIgniter->runController(Object(App\Controllers\Admin))
 8 SYSTEMPATH\CodeIgniter.php(354): CodeIgniter\CodeIgniter->handleRequest(null, Object(Config\Cache), false)
 9 SYSTEMPATH\Boot.php(334): CodeIgniter\CodeIgniter->run()
10 SYSTEMPATH\Boot.php(67): CodeIgniter\Boot::runCodeIgniter(Object(CodeIgniter\CodeIgniter))
11 FCPATH\index.php(59): CodeIgniter\Boot::bootWeb(Object(Config\Paths))
CRITICAL - 2026-04-09 21:03:44 --> [Caused by] mysqli_sql_exception: Table 'permat43_cici.el_transkrip_rapat' doesn't exist
in SYSTEMPATH\Database\MySQLi\Connection.php on line 327.
 1 SYSTEMPATH\Database\MySQLi\Connection.php(327): mysqli->query('SELECT COUNT(*) AS `numrows`
FROM `el_transkrip_rapat`', 0)
 2 SYSTEMPATH\Database\BaseConnection.php(738): CodeIgniter\Database\MySQLi\Connection->execute('SELECT COUNT(*) AS `numrows`
FROM `el_transkrip_rapat`')
 3 SYSTEMPATH\Database\BaseConnection.php(652): CodeIgniter\Database\BaseConnection->simpleQuery('SELECT COUNT(*) AS `numrows`
FROM `el_transkrip_rapat`')
 4 SYSTEMPATH\Database\BaseBuilder.php(1733): CodeIgniter\Database\BaseConnection->query('SELECT COUNT(*) AS `numrows`
FROM `el_transkrip_rapat`', [], false)
 5 SYSTEMPATH\Model.php(676): CodeIgniter\Database\BaseBuilder->countAllResults(true)
 6 APPPATH\Controllers\Admin.php(22): CodeIgniter\Model->countAllResults()
 7 SYSTEMPATH\CodeIgniter.php(933): App\Controllers\Admin->index()
 8 SYSTEMPATH\CodeIgniter.php(507): CodeIgniter\CodeIgniter->runController(Object(App\Controllers\Admin))
 9 SYSTEMPATH\CodeIgniter.php(354): CodeIgniter\CodeIgniter->handleRequest(null, Object(Config\Cache), false)
10 SYSTEMPATH\Boot.php(334): CodeIgniter\CodeIgniter->run()
11 SYSTEMPATH\Boot.php(67): CodeIgniter\Boot::runCodeIgniter(Object(CodeIgniter\CodeIgniter))
12 FCPATH\index.php(59): CodeIgniter\Boot::bootWeb(Object(Config\Paths))
DEBUG - 2026-04-09 21:03:54 --> Session: Class initialized using 'CodeIgniter\Session\Handlers\FileHandler' driver.
DEBUG - 2026-04-09 21:03:54 --> Session: Class initialized using 'CodeIgniter\Session\Handlers\FileHandler' driver.
ERROR - 2026-04-09 21:03:54 --> mysqli_sql_exception: Table 'permat43_cici.el_divisi' doesn't exist in C:\xampp\htdocs\notes-app\beholf\system\Database\MySQLi\Connection.php:327
Stack trace:
#0 C:\xampp\htdocs\notes-app\beholf\system\Database\MySQLi\Connection.php(327): mysqli->query('SELECT *\nFROM `...', 0)
#1 C:\xampp\htdocs\notes-app\beholf\system\Database\BaseConnection.php(738): CodeIgniter\Database\MySQLi\Connection->execute('SELECT *\nFROM `...')
#2 C:\xampp\htdocs\notes-app\beholf\system\Database\BaseConnection.php(652): CodeIgniter\Database\BaseConnection->simpleQuery('SELECT *\nFROM `...')
#3 C:\xampp\htdocs\notes-app\beholf\system\Database\BaseBuilder.php(1649): CodeIgniter\Database\BaseConnection->query('SELECT *\nFROM `...', Array, false)
#4 C:\xampp\htdocs\notes-app\beholf\system\Model.php(286): CodeIgniter\Database\BaseBuilder->get()
#5 C:\xampp\htdocs\notes-app\beholf\system\BaseModel.php(679): CodeIgniter\Model->doFindAll(0, 0)
#6 C:\xampp\htdocs\notes-app\beholf\app\Controllers\Divisi.php(17): CodeIgniter\BaseModel->findAll()
#7 C:\xampp\htdocs\notes-app\beholf\system\CodeIgniter.php(933): App\Controllers\Divisi->index()
#8 C:\xampp\htdocs\notes-app\beholf\system\CodeIgniter.php(507): CodeIgniter\CodeIgniter->runController(Object(App\Controllers\Divisi))
#9 C:\xampp\htdocs\notes-app\beholf\system\CodeIgniter.php(354): CodeIgniter\CodeIgniter->handleRequest(NULL, Object(Config\Cache), false)
#10 C:\xampp\htdocs\notes-app\beholf\system\Boot.php(334): CodeIgniter\CodeIgniter->run()
#11 C:\xampp\htdocs\notes-app\beholf\system\Boot.php(67): CodeIgniter\Boot::runCodeIgniter(Object(CodeIgniter\CodeIgniter))
#12 C:\xampp\htdocs\notes-app\index.php(59): CodeIgniter\Boot::bootWeb(Object(Config\Paths))
#13 {main}
CRITICAL - 2026-04-09 21:03:54 --> CodeIgniter\Database\Exceptions\DatabaseException: Table 'permat43_cici.el_divisi' doesn't exist
[Method: GET, Route: divisi]
in SYSTEMPATH\Database\BaseConnection.php on line 692.
 1 SYSTEMPATH\Database\BaseBuilder.php(1649): CodeIgniter\Database\BaseConnection->query('SELECT *
FROM `el_divisi`
WHERE `status_delete` = :status_delete:', [...], false)
 2 SYSTEMPATH\Model.php(286): CodeIgniter\Database\BaseBuilder->get()
 3 SYSTEMPATH\BaseModel.php(679): CodeIgniter\Model->doFindAll(0, 0)
 4 APPPATH\Controllers\Divisi.php(17): CodeIgniter\BaseModel->findAll()
 5 SYSTEMPATH\CodeIgniter.php(933): App\Controllers\Divisi->index()
 6 SYSTEMPATH\CodeIgniter.php(507): CodeIgniter\CodeIgniter->runController(Object(App\Controllers\Divisi))
 7 SYSTEMPATH\CodeIgniter.php(354): CodeIgniter\CodeIgniter->handleRequest(null, Object(Config\Cache), false)
 8 SYSTEMPATH\Boot.php(334): CodeIgniter\CodeIgniter->run()
 9 SYSTEMPATH\Boot.php(67): CodeIgniter\Boot::runCodeIgniter(Object(CodeIgniter\CodeIgniter))
10 FCPATH\index.php(59): CodeIgniter\Boot::bootWeb(Object(Config\Paths))
CRITICAL - 2026-04-09 21:03:54 --> [Caused by] CodeIgniter\Database\Exceptions\DatabaseException: Table 'permat43_cici.el_divisi' doesn't exist
in SYSTEMPATH\Database\MySQLi\Connection.php on line 332.
 1 SYSTEMPATH\Database\BaseConnection.php(738): CodeIgniter\Database\MySQLi\Connection->execute('SELECT *
FROM `el_divisi`
WHERE `status_delete` = 0')
 2 SYSTEMPATH\Database\BaseConnection.php(652): CodeIgniter\Database\BaseConnection->simpleQuery('SELECT *
FROM `el_divisi`
WHERE `status_delete` = 0')
 3 SYSTEMPATH\Database\BaseBuilder.php(1649): CodeIgniter\Database\BaseConnection->query('SELECT *
FROM `el_divisi`
WHERE `status_delete` = :status_delete:', [...], false)
 4 SYSTEMPATH\Model.php(286): CodeIgniter\Database\BaseBuilder->get()
 5 SYSTEMPATH\BaseModel.php(679): CodeIgniter\Model->doFindAll(0, 0)
 6 APPPATH\Controllers\Divisi.php(17): CodeIgniter\BaseModel->findAll()
 7 SYSTEMPATH\CodeIgniter.php(933): App\Controllers\Divisi->index()
 8 SYSTEMPATH\CodeIgniter.php(507): CodeIgniter\CodeIgniter->runController(Object(App\Controllers\Divisi))
 9 SYSTEMPATH\CodeIgniter.php(354): CodeIgniter\CodeIgniter->handleRequest(null, Object(Config\Cache), false)
10 SYSTEMPATH\Boot.php(334): CodeIgniter\CodeIgniter->run()
11 SYSTEMPATH\Boot.php(67): CodeIgniter\Boot::runCodeIgniter(Object(CodeIgniter\CodeIgniter))
12 FCPATH\index.php(59): CodeIgniter\Boot::bootWeb(Object(Config\Paths))
CRITICAL - 2026-04-09 21:03:54 --> [Caused by] mysqli_sql_exception: Table 'permat43_cici.el_divisi' doesn't exist
in SYSTEMPATH\Database\MySQLi\Connection.php on line 327.
 1 SYSTEMPATH\Database\MySQLi\Connection.php(327): mysqli->query('SELECT *
FROM `el_divisi`
WHERE `status_delete` = 0', 0)
 2 SYSTEMPATH\Database\BaseConnection.php(738): CodeIgniter\Database\MySQLi\Connection->execute('SELECT *
FROM `el_divisi`
WHERE `status_delete` = 0')
 3 SYSTEMPATH\Database\BaseConnection.php(652): CodeIgniter\Database\BaseConnection->simpleQuery('SELECT *
FROM `el_divisi`
WHERE `status_delete` = 0')
 4 SYSTEMPATH\Database\BaseBuilder.php(1649): CodeIgniter\Database\BaseConnection->query('SELECT *
FROM `el_divisi`
WHERE `status_delete` = :status_delete:', [...], false)
 5 SYSTEMPATH\Model.php(286): CodeIgniter\Database\BaseBuilder->get()
 6 SYSTEMPATH\BaseModel.php(679): CodeIgniter\Model->doFindAll(0, 0)
 7 APPPATH\Controllers\Divisi.php(17): CodeIgniter\BaseModel->findAll()
 8 SYSTEMPATH\CodeIgniter.php(933): App\Controllers\Divisi->index()
 9 SYSTEMPATH\CodeIgniter.php(507): CodeIgniter\CodeIgniter->runController(Object(App\Controllers\Divisi))
10 SYSTEMPATH\CodeIgniter.php(354): CodeIgniter\CodeIgniter->handleRequest(null, Object(Config\Cache), false)
11 SYSTEMPATH\Boot.php(334): CodeIgniter\CodeIgniter->run()
12 SYSTEMPATH\Boot.php(67): CodeIgniter\Boot::runCodeIgniter(Object(CodeIgniter\CodeIgniter))
13 FCPATH\index.php(59): CodeIgniter\Boot::bootWeb(Object(Config\Paths))
DEBUG - 2026-04-09 22:04:09 --> Session: Class initialized using 'CodeIgniter\Session\Handlers\FileHandler' driver.
DEBUG - 2026-04-09 22:04:09 --> Session: Class initialized using 'CodeIgniter\Session\Handlers\FileHandler' driver.
DEBUG - 2026-04-09 22:04:13 --> Session: Class initialized using 'CodeIgniter\Session\Handlers\FileHandler' driver.
CRITICAL - 2026-04-09 22:04:13 --> CodeIgniter\View\Exceptions\ViewException: Invalid file: "category/v_category.php"
[Method: GET, Route: category]
in SYSTEMPATH\Exceptions\FrameworkException.php on line 39.
 1 SYSTEMPATH\View\View.php(212): CodeIgniter\Exceptions\FrameworkException::forInvalidFile('category/v_category.php')
 2 SYSTEMPATH\Common.php(1173): CodeIgniter\View\View->render('category/v_category', [], true)
 3 APPPATH\Controllers\Category.php(23): view('category/v_category', [...])
 4 SYSTEMPATH\CodeIgniter.php(933): App\Controllers\Category->index()
 5 SYSTEMPATH\CodeIgniter.php(507): CodeIgniter\CodeIgniter->runController(Object(App\Controllers\Category))
 6 SYSTEMPATH\CodeIgniter.php(354): CodeIgniter\CodeIgniter->handleRequest(null, Object(Config\Cache), false)
 7 SYSTEMPATH\Boot.php(334): CodeIgniter\CodeIgniter->run()
 8 SYSTEMPATH\Boot.php(67): CodeIgniter\Boot::runCodeIgniter(Object(CodeIgniter\CodeIgniter))
 9 FCPATH\index.php(59): CodeIgniter\Boot::bootWeb(Object(Config\Paths))
DEBUG - 2026-04-09 22:06:33 --> Session: Class initialized using 'CodeIgniter\Session\Handlers\FileHandler' driver.
CRITICAL - 2026-04-09 22:06:33 --> ErrorException: Undefined variable $category
[Method: GET, Route: category]
in APPPATH\Views\category\v_category.php on line 101.
 1 APPPATH\Views\category\v_category.php(101): CodeIgniter\Debug\Exceptions->errorHandler(2, 'Undefined variable $category', 'C:\\xampp\\htdocs\\notes-app\\beholf\\app\\Views\\category\\v_category.php', 101)
 2 SYSTEMPATH\View\View.php(224): include('C:\\xampp\\htdocs\\notes-app\\beholf\\app\\Views\\category\\v_category.php')
 3 SYSTEMPATH\View\View.php(227): CodeIgniter\View\View->CodeIgniter\View\{closure}()
 4 SYSTEMPATH\Common.php(1173): CodeIgniter\View\View->render('category/v_category', [], true)
 5 APPPATH\Controllers\Category.php(23): view('category/v_category', [...])
 6 SYSTEMPATH\CodeIgniter.php(933): App\Controllers\Category->index()
 7 SYSTEMPATH\CodeIgniter.php(507): CodeIgniter\CodeIgniter->runController(Object(App\Controllers\Category))
 8 SYSTEMPATH\CodeIgniter.php(354): CodeIgniter\CodeIgniter->handleRequest(null, Object(Config\Cache), false)
 9 SYSTEMPATH\Boot.php(334): CodeIgniter\CodeIgniter->run()
10 SYSTEMPATH\Boot.php(67): CodeIgniter\Boot::runCodeIgniter(Object(CodeIgniter\CodeIgniter))
11 FCPATH\index.php(59): CodeIgniter\Boot::bootWeb(Object(Config\Paths))
DEBUG - 2026-04-09 22:09:13 --> Session: Class initialized using 'CodeIgniter\Session\Handlers\FileHandler' driver.
DEBUG - 2026-04-09 22:09:18 --> Session: Class initialized using 'CodeIgniter\Session\Handlers\FileHandler' driver.
ERROR - 2026-04-09 22:09:18 --> mysqli_sql_exception: Unknown table 'permat43_cici.el_rapat' in C:\xampp\htdocs\notes-app\beholf\system\Database\MySQLi\Connection.php:327
Stack trace:
#0 C:\xampp\htdocs\notes-app\beholf\system\Database\MySQLi\Connection.php(327): mysqli->query('SELECT `el_rapa...', 0)
#1 C:\xampp\htdocs\notes-app\beholf\system\Database\BaseConnection.php(738): CodeIgniter\Database\MySQLi\Connection->execute('SELECT `el_rapa...')
#2 C:\xampp\htdocs\notes-app\beholf\system\Database\BaseConnection.php(652): CodeIgniter\Database\BaseConnection->simpleQuery('SELECT `el_rapa...')
#3 C:\xampp\htdocs\notes-app\beholf\system\Database\BaseBuilder.php(1649): CodeIgniter\Database\BaseConnection->query('SELECT `el_rapa...', Array, false)
#4 C:\xampp\htdocs\notes-app\beholf\system\Model.php(286): CodeIgniter\Database\BaseBuilder->get()
#5 C:\xampp\htdocs\notes-app\beholf\system\BaseModel.php(679): CodeIgniter\Model->doFindAll(0, 0)
#6 C:\xampp\htdocs\notes-app\beholf\app\Controllers\Rapat.php(46): CodeIgniter\BaseModel->findAll()
#7 C:\xampp\htdocs\notes-app\beholf\system\CodeIgniter.php(933): App\Controllers\Rapat->index()
#8 C:\xampp\htdocs\notes-app\beholf\system\CodeIgniter.php(507): CodeIgniter\CodeIgniter->runController(Object(App\Controllers\Rapat))
#9 C:\xampp\htdocs\notes-app\beholf\system\CodeIgniter.php(354): CodeIgniter\CodeIgniter->handleRequest(NULL, Object(Config\Cache), false)
#10 C:\xampp\htdocs\notes-app\beholf\system\Boot.php(334): CodeIgniter\CodeIgniter->run()
#11 C:\xampp\htdocs\notes-app\beholf\system\Boot.php(67): CodeIgniter\Boot::runCodeIgniter(Object(CodeIgniter\CodeIgniter))
#12 C:\xampp\htdocs\notes-app\index.php(59): CodeIgniter\Boot::bootWeb(Object(Config\Paths))
#13 {main}
CRITICAL - 2026-04-09 22:09:19 --> CodeIgniter\Database\Exceptions\DatabaseException: Unknown table 'permat43_cici.el_rapat'
[Method: GET, Route: rapat]
in SYSTEMPATH\Database\BaseConnection.php on line 692.
 1 SYSTEMPATH\Database\BaseBuilder.php(1649): CodeIgniter\Database\BaseConnection->query('SELECT `el_rapat`.*, `el_divisi`.`nama_divisi` AS `divisi`
FROM `el_notes`
LEFT JOIN `el_divisi` ON `el_rapat`.`divisi` = `el_divisi`.`id_divisi`
WHERE `el_rapat`.`status_delete` = :el_rapat.status_delete:', [...], false)
 2 SYSTEMPATH\Model.php(286): CodeIgniter\Database\BaseBuilder->get()
 3 SYSTEMPATH\BaseModel.php(679): CodeIgniter\Model->doFindAll(0, 0)
 4 APPPATH\Controllers\Rapat.php(46): CodeIgniter\BaseModel->findAll()
 5 SYSTEMPATH\CodeIgniter.php(933): App\Controllers\Rapat->index()
 6 SYSTEMPATH\CodeIgniter.php(507): CodeIgniter\CodeIgniter->runController(Object(App\Controllers\Rapat))
 7 SYSTEMPATH\CodeIgniter.php(354): CodeIgniter\CodeIgniter->handleRequest(null, Object(Config\Cache), false)
 8 SYSTEMPATH\Boot.php(334): CodeIgniter\CodeIgniter->run()
 9 SYSTEMPATH\Boot.php(67): CodeIgniter\Boot::runCodeIgniter(Object(CodeIgniter\CodeIgniter))
10 FCPATH\index.php(59): CodeIgniter\Boot::bootWeb(Object(Config\Paths))
CRITICAL - 2026-04-09 22:09:19 --> [Caused by] CodeIgniter\Database\Exceptions\DatabaseException: Unknown table 'permat43_cici.el_rapat'
in SYSTEMPATH\Database\MySQLi\Connection.php on line 332.
 1 SYSTEMPATH\Database\BaseConnection.php(738): CodeIgniter\Database\MySQLi\Connection->execute('SELECT `el_rapat`.*, `el_divisi`.`nama_divisi` AS `divisi`
FROM `el_notes`
LEFT JOIN `el_divisi` ON `el_rapat`.`divisi` = `el_divisi`.`id_divisi`
WHERE `el_rapat`.`status_delete` = 0')
 2 SYSTEMPATH\Database\BaseConnection.php(652): CodeIgniter\Database\BaseConnection->simpleQuery('SELECT `el_rapat`.*, `el_divisi`.`nama_divisi` AS `divisi`
FROM `el_notes`
LEFT JOIN `el_divisi` ON `el_rapat`.`divisi` = `el_divisi`.`id_divisi`
WHERE `el_rapat`.`status_delete` = 0')
 3 SYSTEMPATH\Database\BaseBuilder.php(1649): CodeIgniter\Database\BaseConnection->query('SELECT `el_rapat`.*, `el_divisi`.`nama_divisi` AS `divisi`
FROM `el_notes`
LEFT JOIN `el_divisi` ON `el_rapat`.`divisi` = `el_divisi`.`id_divisi`
WHERE `el_rapat`.`status_delete` = :el_rapat.status_delete:', [...], false)
 4 SYSTEMPATH\Model.php(286): CodeIgniter\Database\BaseBuilder->get()
 5 SYSTEMPATH\BaseModel.php(679): CodeIgniter\Model->doFindAll(0, 0)
 6 APPPATH\Controllers\Rapat.php(46): CodeIgniter\BaseModel->findAll()
 7 SYSTEMPATH\CodeIgniter.php(933): App\Controllers\Rapat->index()
 8 SYSTEMPATH\CodeIgniter.php(507): CodeIgniter\CodeIgniter->runController(Object(App\Controllers\Rapat))
 9 SYSTEMPATH\CodeIgniter.php(354): CodeIgniter\CodeIgniter->handleRequest(null, Object(Config\Cache), false)
10 SYSTEMPATH\Boot.php(334): CodeIgniter\CodeIgniter->run()
11 SYSTEMPATH\Boot.php(67): CodeIgniter\Boot::runCodeIgniter(Object(CodeIgniter\CodeIgniter))
12 FCPATH\index.php(59): CodeIgniter\Boot::bootWeb(Object(Config\Paths))
CRITICAL - 2026-04-09 22:09:19 --> [Caused by] mysqli_sql_exception: Unknown table 'permat43_cici.el_rapat'
in SYSTEMPATH\Database\MySQLi\Connection.php on line 327.
 1 SYSTEMPATH\Database\MySQLi\Connection.php(327): mysqli->query('SELECT `el_rapat`.*, `el_divisi`.`nama_divisi` AS `divisi`
FROM `el_notes`
LEFT JOIN `el_divisi` ON `el_rapat`.`divisi` = `el_divisi`.`id_divisi`
WHERE `el_rapat`.`status_delete` = 0', 0)
 2 SYSTEMPATH\Database\BaseConnection.php(738): CodeIgniter\Database\MySQLi\Connection->execute('SELECT `el_rapat`.*, `el_divisi`.`nama_divisi` AS `divisi`
FROM `el_notes`
LEFT JOIN `el_divisi` ON `el_rapat`.`divisi` = `el_divisi`.`id_divisi`
WHERE `el_rapat`.`status_delete` = 0')
 3 SYSTEMPATH\Database\BaseConnection.php(652): CodeIgniter\Database\BaseConnection->simpleQuery('SELECT `el_rapat`.*, `el_divisi`.`nama_divisi` AS `divisi`
FROM `el_notes`
LEFT JOIN `el_divisi` ON `el_rapat`.`divisi` = `el_divisi`.`id_divisi`
WHERE `el_rapat`.`status_delete` = 0')
 4 SYSTEMPATH\Database\BaseBuilder.php(1649): CodeIgniter\Database\BaseConnection->query('SELECT `el_rapat`.*, `el_divisi`.`nama_divisi` AS `divisi`
FROM `el_notes`
LEFT JOIN `el_divisi` ON `el_rapat`.`divisi` = `el_divisi`.`id_divisi`
WHERE `el_rapat`.`status_delete` = :el_rapat.status_delete:', [...], false)
 5 SYSTEMPATH\Model.php(286): CodeIgniter\Database\BaseBuilder->get()
 6 SYSTEMPATH\BaseModel.php(679): CodeIgniter\Model->doFindAll(0, 0)
 7 APPPATH\Controllers\Rapat.php(46): CodeIgniter\BaseModel->findAll()
 8 SYSTEMPATH\CodeIgniter.php(933): App\Controllers\Rapat->index()
 9 SYSTEMPATH\CodeIgniter.php(507): CodeIgniter\CodeIgniter->runController(Object(App\Controllers\Rapat))
10 SYSTEMPATH\CodeIgniter.php(354): CodeIgniter\CodeIgniter->handleRequest(null, Object(Config\Cache), false)
11 SYSTEMPATH\Boot.php(334): CodeIgniter\CodeIgniter->run()
12 SYSTEMPATH\Boot.php(67): CodeIgniter\Boot::runCodeIgniter(Object(CodeIgniter\CodeIgniter))
13 FCPATH\index.php(59): CodeIgniter\Boot::bootWeb(Object(Config\Paths))
DEBUG - 2026-04-09 22:13:22 --> Session: Class initialized using 'CodeIgniter\Session\Handlers\FileHandler' driver.
DEBUG - 2026-04-09 22:13:25 --> Session: Class initialized using 'CodeIgniter\Session\Handlers\FileHandler' driver.
CRITICAL - 2026-04-09 22:13:25 --> ErrorException: Attempt to read property "id_category" on array
[Method: GET, Route: rapat/tambah_rapat]
in APPPATH\Views\rapat\tambah_rapat.php on line 57.
 1 APPPATH\Views\rapat\tambah_rapat.php(57): CodeIgniter\Debug\Exceptions->errorHandler(2, 'Attempt to read property "id_category" on array', 'C:\\xampp\\htdocs\\notes-app\\beholf\\app\\Views\\rapat\\tambah_rapat.php', 57)
 2 SYSTEMPATH\View\View.php(224): include('C:\\xampp\\htdocs\\notes-app\\beholf\\app\\Views\\rapat\\tambah_rapat.php')
 3 SYSTEMPATH\View\View.php(227): CodeIgniter\View\View->CodeIgniter\View\{closure}()
 4 SYSTEMPATH\Common.php(1173): CodeIgniter\View\View->render('rapat/tambah_rapat', [], true)
 5 APPPATH\Controllers\Rapat.php(94): view('rapat/tambah_rapat', [...])
 6 SYSTEMPATH\CodeIgniter.php(933): App\Controllers\Rapat->tambah_rapat()
 7 SYSTEMPATH\CodeIgniter.php(507): CodeIgniter\CodeIgniter->runController(Object(App\Controllers\Rapat))
 8 SYSTEMPATH\CodeIgniter.php(354): CodeIgniter\CodeIgniter->handleRequest(null, Object(Config\Cache), false)
 9 SYSTEMPATH\Boot.php(334): CodeIgniter\CodeIgniter->run()
10 SYSTEMPATH\Boot.php(67): CodeIgniter\Boot::runCodeIgniter(Object(CodeIgniter\CodeIgniter))
11 FCPATH\index.php(59): CodeIgniter\Boot::bootWeb(Object(Config\Paths))
DEBUG - 2026-04-09 22:18:55 --> Session: Class initialized using 'CodeIgniter\Session\Handlers\FileHandler' driver.
DEBUG - 2026-04-09 22:20:02 --> Session: Class initialized using 'CodeIgniter\Session\Handlers\FileHandler' driver.
DEBUG - 2026-04-09 22:20:53 --> Session: Class initialized using 'CodeIgniter\Session\Handlers\FileHandler' driver.
DEBUG - 2026-04-09 22:25:29 --> Session: Class initialized using 'CodeIgniter\Session\Handlers\FileHandler' driver.
ERROR - 2026-04-09 22:25:29 --> mysqli_sql_exception: Unknown column 'document_file' in 'field list' in C:\xampp\htdocs\notes-app\beholf\system\Database\MySQLi\Connection.php:327
Stack trace:
#0 C:\xampp\htdocs\notes-app\beholf\system\Database\MySQLi\Connection.php(327): mysqli->query('INSERT INTO `el...', 0)
#1 C:\xampp\htdocs\notes-app\beholf\system\Database\BaseConnection.php(738): CodeIgniter\Database\MySQLi\Connection->execute('INSERT INTO `el...')
#2 C:\xampp\htdocs\notes-app\beholf\system\Database\BaseConnection.php(652): CodeIgniter\Database\BaseConnection->simpleQuery('INSERT INTO `el...')
#3 C:\xampp\htdocs\notes-app\beholf\system\Database\BaseBuilder.php(2345): CodeIgniter\Database\BaseConnection->query('INSERT INTO `el...', Array, false)
#4 C:\xampp\htdocs\notes-app\beholf\system\Model.php(394): CodeIgniter\Database\BaseBuilder->insert()
#5 C:\xampp\htdocs\notes-app\beholf\system\BaseModel.php(843): CodeIgniter\Model->doInsert(Array)
#6 C:\xampp\htdocs\notes-app\beholf\system\Model.php(800): CodeIgniter\BaseModel->insert(Array, true)
#7 C:\xampp\htdocs\notes-app\beholf\app\Controllers\Rapat.php(164): CodeIgniter\Model->insert(Array)
#8 C:\xampp\htdocs\notes-app\beholf\system\CodeIgniter.php(933): App\Controllers\Rapat->aksi_tambah_rapat()
#9 C:\xampp\htdocs\notes-app\beholf\system\CodeIgniter.php(507): CodeIgniter\CodeIgniter->runController(Object(App\Controllers\Rapat))
#10 C:\xampp\htdocs\notes-app\beholf\system\CodeIgniter.php(354): CodeIgniter\CodeIgniter->handleRequest(NULL, Object(Config\Cache), false)
#11 C:\xampp\htdocs\notes-app\beholf\system\Boot.php(334): CodeIgniter\CodeIgniter->run()
#12 C:\xampp\htdocs\notes-app\beholf\system\Boot.php(67): CodeIgniter\Boot::runCodeIgniter(Object(CodeIgniter\CodeIgniter))
#13 C:\xampp\htdocs\notes-app\index.php(59): CodeIgniter\Boot::bootWeb(Object(Config\Paths))
#14 {main}
CRITICAL - 2026-04-09 22:25:29 --> CodeIgniter\Database\Exceptions\DatabaseException: Unknown column 'document_file' in 'field list'
[Method: POST, Route: rapat/simpan_rapat]
in SYSTEMPATH\Database\BaseConnection.php on line 692.
 1 SYSTEMPATH\Database\BaseBuilder.php(2345): CodeIgniter\Database\BaseConnection->query('INSERT INTO `el_notes` (`judul`, `tanggal`, `lokasi`, `keterangan`, `content`, `category`, `tags`, `document_file`, `created_at`, `created_by`) VALUES (:judul:, :tanggal:, :lokasi:, :keterangan:, :content:, :category:, :tags:, :document_file:, :created_at:, :created_by:)', [...], false)
 2 SYSTEMPATH\Model.php(394): CodeIgniter\Database\BaseBuilder->insert()
 3 SYSTEMPATH\BaseModel.php(843): CodeIgniter\Model->doInsert([...])
 4 SYSTEMPATH\Model.php(800): CodeIgniter\BaseModel->insert([...], true)
 5 APPPATH\Controllers\Rapat.php(164): CodeIgniter\Model->insert([...])
 6 SYSTEMPATH\CodeIgniter.php(933): App\Controllers\Rapat->aksi_tambah_rapat()
 7 SYSTEMPATH\CodeIgniter.php(507): CodeIgniter\CodeIgniter->runController(Object(App\Controllers\Rapat))
 8 SYSTEMPATH\CodeIgniter.php(354): CodeIgniter\CodeIgniter->handleRequest(null, Object(Config\Cache), false)
 9 SYSTEMPATH\Boot.php(334): CodeIgniter\CodeIgniter->run()
10 SYSTEMPATH\Boot.php(67): CodeIgniter\Boot::runCodeIgniter(Object(CodeIgniter\CodeIgniter))
11 FCPATH\index.php(59): CodeIgniter\Boot::bootWeb(Object(Config\Paths))
CRITICAL - 2026-04-09 22:25:29 --> [Caused by] CodeIgniter\Database\Exceptions\DatabaseException: Unknown column 'document_file' in 'field list'
in SYSTEMPATH\Database\MySQLi\Connection.php on line 332.
 1 SYSTEMPATH\Database\BaseConnection.php(738): CodeIgniter\Database\MySQLi\Connection->execute('INSERT INTO `el_notes` (`judul`, `tanggal`, `lokasi`, `keterangan`, `content`, `category`, `tags`, `document_file`, `created_at`, `created_by`) VALUES (\'Test\', \'2026-04-09 22:20:00\', \'\', NULL, \'<p>Testing note</p>\', \'6\', \'\', \'doc_20260409222528_69d8275887725.docx\', \'2026-04-09 22:25:29\', \'36\')')
 2 SYSTEMPATH\Database\BaseConnection.php(652): CodeIgniter\Database\BaseConnection->simpleQuery('INSERT INTO `el_notes` (`judul`, `tanggal`, `lokasi`, `keterangan`, `content`, `category`, `tags`, `document_file`, `created_at`, `created_by`) VALUES (\'Test\', \'2026-04-09 22:20:00\', \'\', NULL, \'<p>Testing note</p>\', \'6\', \'\', \'doc_20260409222528_69d8275887725.docx\', \'2026-04-09 22:25:29\', \'36\')')
 3 SYSTEMPATH\Database\BaseBuilder.php(2345): CodeIgniter\Database\BaseConnection->query('INSERT INTO `el_notes` (`judul`, `tanggal`, `lokasi`, `keterangan`, `content`, `category`, `tags`, `document_file`, `created_at`, `created_by`) VALUES (:judul:, :tanggal:, :lokasi:, :keterangan:, :content:, :category:, :tags:, :document_file:, :created_at:, :created_by:)', [...], false)
 4 SYSTEMPATH\Model.php(394): CodeIgniter\Database\BaseBuilder->insert()
 5 SYSTEMPATH\BaseModel.php(843): CodeIgniter\Model->doInsert([...])
 6 SYSTEMPATH\Model.php(800): CodeIgniter\BaseModel->insert([...], true)
 7 APPPATH\Controllers\Rapat.php(164): CodeIgniter\Model->insert([...])
 8 SYSTEMPATH\CodeIgniter.php(933): App\Controllers\Rapat->aksi_tambah_rapat()
 9 SYSTEMPATH\CodeIgniter.php(507): CodeIgniter\CodeIgniter->runController(Object(App\Controllers\Rapat))
10 SYSTEMPATH\CodeIgniter.php(354): CodeIgniter\CodeIgniter->handleRequest(null, Object(Config\Cache), false)
11 SYSTEMPATH\Boot.php(334): CodeIgniter\CodeIgniter->run()
12 SYSTEMPATH\Boot.php(67): CodeIgniter\Boot::runCodeIgniter(Object(CodeIgniter\CodeIgniter))
13 FCPATH\index.php(59): CodeIgniter\Boot::bootWeb(Object(Config\Paths))
CRITICAL - 2026-04-09 22:25:29 --> [Caused by] mysqli_sql_exception: Unknown column 'document_file' in 'field list'
in SYSTEMPATH\Database\MySQLi\Connection.php on line 327.
 1 SYSTEMPATH\Database\MySQLi\Connection.php(327): mysqli->query('INSERT INTO `el_notes` (`judul`, `tanggal`, `lokasi`, `keterangan`, `content`, `category`, `tags`, `document_file`, `created_at`, `created_by`) VALUES (\'Test\', \'2026-04-09 22:20:00\', \'\', NULL, \'<p>Testing note</p>\', \'6\', \'\', \'doc_20260409222528_69d8275887725.docx\', \'2026-04-09 22:25:29\', \'36\')', 0)
 2 SYSTEMPATH\Database\BaseConnection.php(738): CodeIgniter\Database\MySQLi\Connection->execute('INSERT INTO `el_notes` (`judul`, `tanggal`, `lokasi`, `keterangan`, `content`, `category`, `tags`, `document_file`, `created_at`, `created_by`) VALUES (\'Test\', \'2026-04-09 22:20:00\', \'\', NULL, \'<p>Testing note</p>\', \'6\', \'\', \'doc_20260409222528_69d8275887725.docx\', \'2026-04-09 22:25:29\', \'36\')')
 3 SYSTEMPATH\Database\BaseConnection.php(652): CodeIgniter\Database\BaseConnection->simpleQuery('INSERT INTO `el_notes` (`judul`, `tanggal`, `lokasi`, `keterangan`, `content`, `category`, `tags`, `document_file`, `created_at`, `created_by`) VALUES (\'Test\', \'2026-04-09 22:20:00\', \'\', NULL, \'<p>Testing note</p>\', \'6\', \'\', \'doc_20260409222528_69d8275887725.docx\', \'2026-04-09 22:25:29\', \'36\')')
 4 SYSTEMPATH\Database\BaseBuilder.php(2345): CodeIgniter\Database\BaseConnection->query('INSERT INTO `el_notes` (`judul`, `tanggal`, `lokasi`, `keterangan`, `content`, `category`, `tags`, `document_file`, `created_at`, `created_by`) VALUES (:judul:, :tanggal:, :lokasi:, :keterangan:, :content:, :category:, :tags:, :document_file:, :created_at:, :created_by:)', [...], false)
 5 SYSTEMPATH\Model.php(394): CodeIgniter\Database\BaseBuilder->insert()
 6 SYSTEMPATH\BaseModel.php(843): CodeIgniter\Model->doInsert([...])
 7 SYSTEMPATH\Model.php(800): CodeIgniter\BaseModel->insert([...], true)
 8 APPPATH\Controllers\Rapat.php(164): CodeIgniter\Model->insert([...])
 9 SYSTEMPATH\CodeIgniter.php(933): App\Controllers\Rapat->aksi_tambah_rapat()
10 SYSTEMPATH\CodeIgniter.php(507): CodeIgniter\CodeIgniter->runController(Object(App\Controllers\Rapat))
11 SYSTEMPATH\CodeIgniter.php(354): CodeIgniter\CodeIgniter->handleRequest(null, Object(Config\Cache), false)
12 SYSTEMPATH\Boot.php(334): CodeIgniter\CodeIgniter->run()
13 SYSTEMPATH\Boot.php(67): CodeIgniter\Boot::runCodeIgniter(Object(CodeIgniter\CodeIgniter))
14 FCPATH\index.php(59): CodeIgniter\Boot::bootWeb(Object(Config\Paths))
DEBUG - 2026-04-09 22:26:01 --> Session: Class initialized using 'CodeIgniter\Session\Handlers\FileHandler' driver.
DEBUG - 2026-04-09 22:26:54 --> Session: Class initialized using 'CodeIgniter\Session\Handlers\FileHandler' driver.
DEBUG - 2026-04-09 22:27:47 --> Session: Class initialized using 'CodeIgniter\Session\Handlers\FileHandler' driver.
DEBUG - 2026-04-09 22:28:16 --> Session: Class initialized using 'CodeIgniter\Session\Handlers\FileHandler' driver.
DEBUG - 2026-04-09 22:28:17 --> Session: Class initialized using 'CodeIgniter\Session\Handlers\FileHandler' driver.
DEBUG - 2026-04-09 22:28:21 --> Session: Class initialized using 'CodeIgniter\Session\Handlers\FileHandler' driver.
ERROR - 2026-04-09 22:28:21 --> mysqli_sql_exception: Unknown column 'el_peserta.id_rapat' in 'where clause' in C:\xampp\htdocs\notes-app\beholf\system\Database\MySQLi\Connection.php:327
Stack trace:
#0 C:\xampp\htdocs\notes-app\beholf\system\Database\MySQLi\Connection.php(327): mysqli->query('SELECT `el_user...', 0)
#1 C:\xampp\htdocs\notes-app\beholf\system\Database\BaseConnection.php(738): CodeIgniter\Database\MySQLi\Connection->execute('SELECT `el_user...')
#2 C:\xampp\htdocs\notes-app\beholf\system\Database\BaseConnection.php(652): CodeIgniter\Database\BaseConnection->simpleQuery('SELECT `el_user...')
#3 C:\xampp\htdocs\notes-app\beholf\system\Database\BaseBuilder.php(1649): CodeIgniter\Database\BaseConnection->query('SELECT `el_user...', Array, false)
#4 C:\xampp\htdocs\notes-app\beholf\system\Model.php(286): CodeIgniter\Database\BaseBuilder->get()
#5 C:\xampp\htdocs\notes-app\beholf\system\BaseModel.php(679): CodeIgniter\Model->doFindAll(0, 0)
#6 C:\xampp\htdocs\notes-app\beholf\app\Models\M_peserta.php(66): CodeIgniter\BaseModel->findAll()
#7 C:\xampp\htdocs\notes-app\beholf\app\Controllers\Rapat.php(423): App\Models\M_peserta->getPesertaByRapat('1')
#8 C:\xampp\htdocs\notes-app\beholf\system\CodeIgniter.php(933): App\Controllers\Rapat->detail_rapat('1')
#9 C:\xampp\htdocs\notes-app\beholf\system\CodeIgniter.php(507): CodeIgniter\CodeIgniter->runController(Object(App\Controllers\Rapat))
#10 C:\xampp\htdocs\notes-app\beholf\system\CodeIgniter.php(354): CodeIgniter\CodeIgniter->handleRequest(NULL, Object(Config\Cache), false)
#11 C:\xampp\htdocs\notes-app\beholf\system\Boot.php(334): CodeIgniter\CodeIgniter->run()
#12 C:\xampp\htdocs\notes-app\beholf\system\Boot.php(67): CodeIgniter\Boot::runCodeIgniter(Object(CodeIgniter\CodeIgniter))
#13 C:\xampp\htdocs\notes-app\index.php(59): CodeIgniter\Boot::bootWeb(Object(Config\Paths))
#14 {main}
CRITICAL - 2026-04-09 22:28:21 --> CodeIgniter\Database\Exceptions\DatabaseException: Unknown column 'el_peserta.id_rapat' in 'where clause'
[Method: GET, Route: rapat/detail_rapat/1]
in SYSTEMPATH\Database\BaseConnection.php on line 692.
 1 SYSTEMPATH\Database\BaseBuilder.php(1649): CodeIgniter\Database\BaseConnection->query('SELECT `el_user`.`username`, `el_divisi`.`nama_divisi`
FROM `el_peserta`
JOIN `el_user` ON `el_user`.`id_user` = `el_peserta`.`id_user`
LEFT JOIN `el_divisi` ON `el_divisi`.`id_divisi` = `el_user`.`divisi`
WHERE `el_peserta`.`id_rapat` = :el_peserta.id_rapat:', [...], false)
 2 SYSTEMPATH\Model.php(286): CodeIgniter\Database\BaseBuilder->get()
 3 SYSTEMPATH\BaseModel.php(679): CodeIgniter\Model->doFindAll(0, 0)
 4 APPPATH\Models\M_peserta.php(66): CodeIgniter\BaseModel->findAll()
 5 APPPATH\Controllers\Rapat.php(423): App\Models\M_peserta->getPesertaByRapat('1')
 6 SYSTEMPATH\CodeIgniter.php(933): App\Controllers\Rapat->detail_rapat('1')
 7 SYSTEMPATH\CodeIgniter.php(507): CodeIgniter\CodeIgniter->runController(Object(App\Controllers\Rapat))
 8 SYSTEMPATH\CodeIgniter.php(354): CodeIgniter\CodeIgniter->handleRequest(null, Object(Config\Cache), false)
 9 SYSTEMPATH\Boot.php(334): CodeIgniter\CodeIgniter->run()
10 SYSTEMPATH\Boot.php(67): CodeIgniter\Boot::runCodeIgniter(Object(CodeIgniter\CodeIgniter))
11 FCPATH\index.php(59): CodeIgniter\Boot::bootWeb(Object(Config\Paths))
CRITICAL - 2026-04-09 22:28:21 --> [Caused by] CodeIgniter\Database\Exceptions\DatabaseException: Unknown column 'el_peserta.id_rapat' in 'where clause'
in SYSTEMPATH\Database\MySQLi\Connection.php on line 332.
 1 SYSTEMPATH\Database\BaseConnection.php(738): CodeIgniter\Database\MySQLi\Connection->execute('SELECT `el_user`.`username`, `el_divisi`.`nama_divisi`
FROM `el_peserta`
JOIN `el_user` ON `el_user`.`id_user` = `el_peserta`.`id_user`
LEFT JOIN `el_divisi` ON `el_divisi`.`id_divisi` = `el_user`.`divisi`
WHERE `el_peserta`.`id_rapat` = \'1\'')
 2 SYSTEMPATH\Database\BaseConnection.php(652): CodeIgniter\Database\BaseConnection->simpleQuery('SELECT `el_user`.`username`, `el_divisi`.`nama_divisi`
FROM `el_peserta`
JOIN `el_user` ON `el_user`.`id_user` = `el_peserta`.`id_user`
LEFT JOIN `el_divisi` ON `el_divisi`.`id_divisi` = `el_user`.`divisi`
WHERE `el_peserta`.`id_rapat` = \'1\'')
 3 SYSTEMPATH\Database\BaseBuilder.php(1649): CodeIgniter\Database\BaseConnection->query('SELECT `el_user`.`username`, `el_divisi`.`nama_divisi`
FROM `el_peserta`
JOIN `el_user` ON `el_user`.`id_user` = `el_peserta`.`id_user`
LEFT JOIN `el_divisi` ON `el_divisi`.`id_divisi` = `el_user`.`divisi`
WHERE `el_peserta`.`id_rapat` = :el_peserta.id_rapat:', [...], false)
 4 SYSTEMPATH\Model.php(286): CodeIgniter\Database\BaseBuilder->get()
 5 SYSTEMPATH\BaseModel.php(679): CodeIgniter\Model->doFindAll(0, 0)
 6 APPPATH\Models\M_peserta.php(66): CodeIgniter\BaseModel->findAll()
 7 APPPATH\Controllers\Rapat.php(423): App\Models\M_peserta->getPesertaByRapat('1')
 8 SYSTEMPATH\CodeIgniter.php(933): App\Controllers\Rapat->detail_rapat('1')
 9 SYSTEMPATH\CodeIgniter.php(507): CodeIgniter\CodeIgniter->runController(Object(App\Controllers\Rapat))
10 SYSTEMPATH\CodeIgniter.php(354): CodeIgniter\CodeIgniter->handleRequest(null, Object(Config\Cache), false)
11 SYSTEMPATH\Boot.php(334): CodeIgniter\CodeIgniter->run()
12 SYSTEMPATH\Boot.php(67): CodeIgniter\Boot::runCodeIgniter(Object(CodeIgniter\CodeIgniter))
13 FCPATH\index.php(59): CodeIgniter\Boot::bootWeb(Object(Config\Paths))
CRITICAL - 2026-04-09 22:28:21 --> [Caused by] mysqli_sql_exception: Unknown column 'el_peserta.id_rapat' in 'where clause'
in SYSTEMPATH\Database\MySQLi\Connection.php on line 327.
 1 SYSTEMPATH\Database\MySQLi\Connection.php(327): mysqli->query('SELECT `el_user`.`username`, `el_divisi`.`nama_divisi`
FROM `el_peserta`
JOIN `el_user` ON `el_user`.`id_user` = `el_peserta`.`id_user`
LEFT JOIN `el_divisi` ON `el_divisi`.`id_divisi` = `el_user`.`divisi`
WHERE `el_peserta`.`id_rapat` = \'1\'', 0)
 2 SYSTEMPATH\Database\BaseConnection.php(738): CodeIgniter\Database\MySQLi\Connection->execute('SELECT `el_user`.`username`, `el_divisi`.`nama_divisi`
FROM `el_peserta`
JOIN `el_user` ON `el_user`.`id_user` = `el_peserta`.`id_user`
LEFT JOIN `el_divisi` ON `el_divisi`.`id_divisi` = `el_user`.`divisi`
WHERE `el_peserta`.`id_rapat` = \'1\'')
 3 SYSTEMPATH\Database\BaseConnection.php(652): CodeIgniter\Database\BaseConnection->simpleQuery('SELECT `el_user`.`username`, `el_divisi`.`nama_divisi`
FROM `el_peserta`
JOIN `el_user` ON `el_user`.`id_user` = `el_peserta`.`id_user`
LEFT JOIN `el_divisi` ON `el_divisi`.`id_divisi` = `el_user`.`divisi`
WHERE `el_peserta`.`id_rapat` = \'1\'')
 4 SYSTEMPATH\Database\BaseBuilder.php(1649): CodeIgniter\Database\BaseConnection->query('SELECT `el_user`.`username`, `el_divisi`.`nama_divisi`
FROM `el_peserta`
JOIN `el_user` ON `el_user`.`id_user` = `el_peserta`.`id_user`
LEFT JOIN `el_divisi` ON `el_divisi`.`id_divisi` = `el_user`.`divisi`
WHERE `el_peserta`.`id_rapat` = :el_peserta.id_rapat:', [...], false)
 5 SYSTEMPATH\Model.php(286): CodeIgniter\Database\BaseBuilder->get()
 6 SYSTEMPATH\BaseModel.php(679): CodeIgniter\Model->doFindAll(0, 0)
 7 APPPATH\Models\M_peserta.php(66): CodeIgniter\BaseModel->findAll()
 8 APPPATH\Controllers\Rapat.php(423): App\Models\M_peserta->getPesertaByRapat('1')
 9 SYSTEMPATH\CodeIgniter.php(933): App\Controllers\Rapat->detail_rapat('1')
10 SYSTEMPATH\CodeIgniter.php(507): CodeIgniter\CodeIgniter->runController(Object(App\Controllers\Rapat))
11 SYSTEMPATH\CodeIgniter.php(354): CodeIgniter\CodeIgniter->handleRequest(null, Object(Config\Cache), false)
12 SYSTEMPATH\Boot.php(334): CodeIgniter\CodeIgniter->run()
13 SYSTEMPATH\Boot.php(67): CodeIgniter\Boot::runCodeIgniter(Object(CodeIgniter\CodeIgniter))
14 FCPATH\index.php(59): CodeIgniter\Boot::bootWeb(Object(Config\Paths))
DEBUG - 2026-04-09 22:29:50 --> Session: Class initialized using 'CodeIgniter\Session\Handlers\FileHandler' driver.
DEBUG - 2026-04-09 22:29:53 --> Session: Class initialized using 'CodeIgniter\Session\Handlers\FileHandler' driver.
DEBUG - 2026-04-09 22:30:02 --> Session: Class initialized using 'CodeIgniter\Session\Handlers\FileHandler' driver.
DEBUG - 2026-04-09 22:30:22 --> Session: Class initialized using 'CodeIgniter\Session\Handlers\FileHandler' driver.
DEBUG - 2026-04-09 22:32:35 --> Session: Class initialized using 'CodeIgniter\Session\Handlers\FileHandler' driver.
DEBUG - 2026-04-09 22:33:28 --> Session: Class initialized using 'CodeIgniter\Session\Handlers\FileHandler' driver.
DEBUG - 2026-04-09 22:33:32 --> Session: Class initialized using 'CodeIgniter\Session\Handlers\FileHandler' driver.
DEBUG - 2026-04-09 22:34:14 --> Session: Class initialized using 'CodeIgniter\Session\Handlers\FileHandler' driver.
DEBUG - 2026-04-09 22:34:15 --> Session: Class initialized using 'CodeIgniter\Session\Handlers\FileHandler' driver.
DEBUG - 2026-04-09 22:34:18 --> Session: Class initialized using 'CodeIgniter\Session\Handlers\FileHandler' driver.
ERROR - 2026-04-09 22:34:18 --> mysqli_sql_exception: Unknown column 'el_peserta.id_rapat' in 'where clause' in C:\xampp\htdocs\notes-app\beholf\system\Database\MySQLi\Connection.php:327
Stack trace:
#0 C:\xampp\htdocs\notes-app\beholf\system\Database\MySQLi\Connection.php(327): mysqli->query('SELECT `el_user...', 0)
#1 C:\xampp\htdocs\notes-app\beholf\system\Database\BaseConnection.php(738): CodeIgniter\Database\MySQLi\Connection->execute('SELECT `el_user...')
#2 C:\xampp\htdocs\notes-app\beholf\system\Database\BaseConnection.php(652): CodeIgniter\Database\BaseConnection->simpleQuery('SELECT `el_user...')
#3 C:\xampp\htdocs\notes-app\beholf\system\Database\BaseBuilder.php(1649): CodeIgniter\Database\BaseConnection->query('SELECT `el_user...', Array, false)
#4 C:\xampp\htdocs\notes-app\beholf\system\Model.php(286): CodeIgniter\Database\BaseBuilder->get()
#5 C:\xampp\htdocs\notes-app\beholf\system\BaseModel.php(679): CodeIgniter\Model->doFindAll(0, 0)
#6 C:\xampp\htdocs\notes-app\beholf\app\Models\M_peserta.php(66): CodeIgniter\BaseModel->findAll()
#7 C:\xampp\htdocs\notes-app\beholf\app\Controllers\Rapat.php(423): App\Models\M_peserta->getPesertaByRapat('1')
#8 C:\xampp\htdocs\notes-app\beholf\system\CodeIgniter.php(933): App\Controllers\Rapat->detail_rapat('1')
#9 C:\xampp\htdocs\notes-app\beholf\system\CodeIgniter.php(507): CodeIgniter\CodeIgniter->runController(Object(App\Controllers\Rapat))
#10 C:\xampp\htdocs\notes-app\beholf\system\CodeIgniter.php(354): CodeIgniter\CodeIgniter->handleRequest(NULL, Object(Config\Cache), false)
#11 C:\xampp\htdocs\notes-app\beholf\system\Boot.php(334): CodeIgniter\CodeIgniter->run()
#12 C:\xampp\htdocs\notes-app\beholf\system\Boot.php(67): CodeIgniter\Boot::runCodeIgniter(Object(CodeIgniter\CodeIgniter))
#13 C:\xampp\htdocs\notes-app\index.php(59): CodeIgniter\Boot::bootWeb(Object(Config\Paths))
#14 {main}
CRITICAL - 2026-04-09 22:34:18 --> CodeIgniter\Database\Exceptions\DatabaseException: Unknown column 'el_peserta.id_rapat' in 'where clause'
[Method: GET, Route: rapat/detail_rapat/1]
in SYSTEMPATH\Database\BaseConnection.php on line 692.
 1 SYSTEMPATH\Database\BaseBuilder.php(1649): CodeIgniter\Database\BaseConnection->query('SELECT `el_user`.`username`, `el_divisi`.`nama_divisi`
FROM `el_peserta`
JOIN `el_user` ON `el_user`.`id_user` = `el_peserta`.`id_user`
LEFT JOIN `el_divisi` ON `el_divisi`.`id_divisi` = `el_user`.`divisi`
WHERE `el_peserta`.`id_rapat` = :el_peserta.id_rapat:', [...], false)
 2 SYSTEMPATH\Model.php(286): CodeIgniter\Database\BaseBuilder->get()
 3 SYSTEMPATH\BaseModel.php(679): CodeIgniter\Model->doFindAll(0, 0)
 4 APPPATH\Models\M_peserta.php(66): CodeIgniter\BaseModel->findAll()
 5 APPPATH\Controllers\Rapat.php(423): App\Models\M_peserta->getPesertaByRapat('1')
 6 SYSTEMPATH\CodeIgniter.php(933): App\Controllers\Rapat->detail_rapat('1')
 7 SYSTEMPATH\CodeIgniter.php(507): CodeIgniter\CodeIgniter->runController(Object(App\Controllers\Rapat))
 8 SYSTEMPATH\CodeIgniter.php(354): CodeIgniter\CodeIgniter->handleRequest(null, Object(Config\Cache), false)
 9 SYSTEMPATH\Boot.php(334): CodeIgniter\CodeIgniter->run()
10 SYSTEMPATH\Boot.php(67): CodeIgniter\Boot::runCodeIgniter(Object(CodeIgniter\CodeIgniter))
11 FCPATH\index.php(59): CodeIgniter\Boot::bootWeb(Object(Config\Paths))
CRITICAL - 2026-04-09 22:34:18 --> [Caused by] CodeIgniter\Database\Exceptions\DatabaseException: Unknown column 'el_peserta.id_rapat' in 'where clause'
in SYSTEMPATH\Database\MySQLi\Connection.php on line 332.
 1 SYSTEMPATH\Database\BaseConnection.php(738): CodeIgniter\Database\MySQLi\Connection->execute('SELECT `el_user`.`username`, `el_divisi`.`nama_divisi`
FROM `el_peserta`
JOIN `el_user` ON `el_user`.`id_user` = `el_peserta`.`id_user`
LEFT JOIN `el_divisi` ON `el_divisi`.`id_divisi` = `el_user`.`divisi`
WHERE `el_peserta`.`id_rapat` = \'1\'')
 2 SYSTEMPATH\Database\BaseConnection.php(652): CodeIgniter\Database\BaseConnection->simpleQuery('SELECT `el_user`.`username`, `el_divisi`.`nama_divisi`
FROM `el_peserta`
JOIN `el_user` ON `el_user`.`id_user` = `el_peserta`.`id_user`
LEFT JOIN `el_divisi` ON `el_divisi`.`id_divisi` = `el_user`.`divisi`
WHERE `el_peserta`.`id_rapat` = \'1\'')
 3 SYSTEMPATH\Database\BaseBuilder.php(1649): CodeIgniter\Database\BaseConnection->query('SELECT `el_user`.`username`, `el_divisi`.`nama_divisi`
FROM `el_peserta`
JOIN `el_user` ON `el_user`.`id_user` = `el_peserta`.`id_user`
LEFT JOIN `el_divisi` ON `el_divisi`.`id_divisi` = `el_user`.`divisi`
WHERE `el_peserta`.`id_rapat` = :el_peserta.id_rapat:', [...], false)
 4 SYSTEMPATH\Model.php(286): CodeIgniter\Database\BaseBuilder->get()
 5 SYSTEMPATH\BaseModel.php(679): CodeIgniter\Model->doFindAll(0, 0)
 6 APPPATH\Models\M_peserta.php(66): CodeIgniter\BaseModel->findAll()
 7 APPPATH\Controllers\Rapat.php(423): App\Models\M_peserta->getPesertaByRapat('1')
 8 SYSTEMPATH\CodeIgniter.php(933): App\Controllers\Rapat->detail_rapat('1')
 9 SYSTEMPATH\CodeIgniter.php(507): CodeIgniter\CodeIgniter->runController(Object(App\Controllers\Rapat))
10 SYSTEMPATH\CodeIgniter.php(354): CodeIgniter\CodeIgniter->handleRequest(null, Object(Config\Cache), false)
11 SYSTEMPATH\Boot.php(334): CodeIgniter\CodeIgniter->run()
12 SYSTEMPATH\Boot.php(67): CodeIgniter\Boot::runCodeIgniter(Object(CodeIgniter\CodeIgniter))
13 FCPATH\index.php(59): CodeIgniter\Boot::bootWeb(Object(Config\Paths))
CRITICAL - 2026-04-09 22:34:18 --> [Caused by] mysqli_sql_exception: Unknown column 'el_peserta.id_rapat' in 'where clause'
in SYSTEMPATH\Database\MySQLi\Connection.php on line 327.
 1 SYSTEMPATH\Database\MySQLi\Connection.php(327): mysqli->query('SELECT `el_user`.`username`, `el_divisi`.`nama_divisi`
FROM `el_peserta`
JOIN `el_user` ON `el_user`.`id_user` = `el_peserta`.`id_user`
LEFT JOIN `el_divisi` ON `el_divisi`.`id_divisi` = `el_user`.`divisi`
WHERE `el_peserta`.`id_rapat` = \'1\'', 0)
 2 SYSTEMPATH\Database\BaseConnection.php(738): CodeIgniter\Database\MySQLi\Connection->execute('SELECT `el_user`.`username`, `el_divisi`.`nama_divisi`
FROM `el_peserta`
JOIN `el_user` ON `el_user`.`id_user` = `el_peserta`.`id_user`
LEFT JOIN `el_divisi` ON `el_divisi`.`id_divisi` = `el_user`.`divisi`
WHERE `el_peserta`.`id_rapat` = \'1\'')
 3 SYSTEMPATH\Database\BaseConnection.php(652): CodeIgniter\Database\BaseConnection->simpleQuery('SELECT `el_user`.`username`, `el_divisi`.`nama_divisi`
FROM `el_peserta`
JOIN `el_user` ON `el_user`.`id_user` = `el_peserta`.`id_user`
LEFT JOIN `el_divisi` ON `el_divisi`.`id_divisi` = `el_user`.`divisi`
WHERE `el_peserta`.`id_rapat` = \'1\'')
 4 SYSTEMPATH\Database\BaseBuilder.php(1649): CodeIgniter\Database\BaseConnection->query('SELECT `el_user`.`username`, `el_divisi`.`nama_divisi`
FROM `el_peserta`
JOIN `el_user` ON `el_user`.`id_user` = `el_peserta`.`id_user`
LEFT JOIN `el_divisi` ON `el_divisi`.`id_divisi` = `el_user`.`divisi`
WHERE `el_peserta`.`id_rapat` = :el_peserta.id_rapat:', [...], false)
 5 SYSTEMPATH\Model.php(286): CodeIgniter\Database\BaseBuilder->get()
 6 SYSTEMPATH\BaseModel.php(679): CodeIgniter\Model->doFindAll(0, 0)
 7 APPPATH\Models\M_peserta.php(66): CodeIgniter\BaseModel->findAll()
 8 APPPATH\Controllers\Rapat.php(423): App\Models\M_peserta->getPesertaByRapat('1')
 9 SYSTEMPATH\CodeIgniter.php(933): App\Controllers\Rapat->detail_rapat('1')
10 SYSTEMPATH\CodeIgniter.php(507): CodeIgniter\CodeIgniter->runController(Object(App\Controllers\Rapat))
11 SYSTEMPATH\CodeIgniter.php(354): CodeIgniter\CodeIgniter->handleRequest(null, Object(Config\Cache), false)
12 SYSTEMPATH\Boot.php(334): CodeIgniter\CodeIgniter->run()
13 SYSTEMPATH\Boot.php(67): CodeIgniter\Boot::runCodeIgniter(Object(CodeIgniter\CodeIgniter))
14 FCPATH\index.php(59): CodeIgniter\Boot::bootWeb(Object(Config\Paths))
DEBUG - 2026-04-09 22:44:45 --> Session: Class initialized using 'CodeIgniter\Session\Handlers\FileHandler' driver.
CRITICAL - 2026-04-09 22:44:45 --> ErrorException: Undefined property: stdClass::$id_rapat
[Method: GET, Route: rapat/detail_rapat/1]
in APPPATH\Views\rapat\detail_rapat.php on line 213.
 1 APPPATH\Views\rapat\detail_rapat.php(213): CodeIgniter\Debug\Exceptions->errorHandler(2, 'Undefined property: stdClass::$id_rapat', 'C:\\xampp\\htdocs\\notes-app\\beholf\\app\\Views\\rapat\\detail_rapat.php', 213)
 2 SYSTEMPATH\View\View.php(224): include('C:\\xampp\\htdocs\\notes-app\\beholf\\app\\Views\\rapat\\detail_rapat.php')
 3 SYSTEMPATH\View\View.php(227): CodeIgniter\View\View->CodeIgniter\View\{closure}()
 4 SYSTEMPATH\Common.php(1173): CodeIgniter\View\View->render('rapat/detail_rapat', [], true)
 5 APPPATH\Controllers\Rapat.php(442): view('rapat/detail_rapat', [...])
 6 SYSTEMPATH\CodeIgniter.php(933): App\Controllers\Rapat->detail_rapat('1')
 7 SYSTEMPATH\CodeIgniter.php(507): CodeIgniter\CodeIgniter->runController(Object(App\Controllers\Rapat))
 8 SYSTEMPATH\CodeIgniter.php(354): CodeIgniter\CodeIgniter->handleRequest(null, Object(Config\Cache), false)
 9 SYSTEMPATH\Boot.php(334): CodeIgniter\CodeIgniter->run()
10 SYSTEMPATH\Boot.php(67): CodeIgniter\Boot::runCodeIgniter(Object(CodeIgniter\CodeIgniter))
11 FCPATH\index.php(59): CodeIgniter\Boot::bootWeb(Object(Config\Paths))
DEBUG - 2026-04-09 22:49:15 --> Session: Class initialized using 'CodeIgniter\Session\Handlers\FileHandler' driver.
DEBUG - 2026-04-09 22:50:20 --> Session: Class initialized using 'CodeIgniter\Session\Handlers\FileHandler' driver.
ERROR - 2026-04-09 22:50:21 --> Hugging Face HTTP error: 410 - {"error":"https://api-inference.huggingface.co is no longer supported. Please use https://router.huggingface.co instead."}
DEBUG - 2026-04-09 22:50:21 --> Session: Class initialized using 'CodeIgniter\Session\Handlers\FileHandler' driver.
