DEBUG - 2025-12-01 02:11:31 --> Session: Class initialized using 'CodeIgniter\Session\Handlers\FileHandler' driver.
DEBUG - 2025-12-01 02:11:35 --> Session: Class initialized using 'CodeIgniter\Session\Handlers\FileHandler' driver.
DEBUG - 2025-12-01 02:11:35 --> Session: Class initialized using 'CodeIgniter\Session\Handlers\FileHandler' driver.
DEBUG - 2025-12-01 02:11:40 --> Session: Class initialized using 'CodeIgniter\Session\Handlers\FileHandler' driver.
DEBUG - 2025-12-01 02:12:07 --> Session: Class initialized using 'CodeIgniter\Session\Handlers\FileHandler' driver.
DEBUG - 2025-12-01 02:12:07 --> Session: Class initialized using 'CodeIgniter\Session\Handlers\FileHandler' driver.
DEBUG - 2025-12-01 02:12:09 --> Session: Class initialized using 'CodeIgniter\Session\Handlers\FileHandler' driver.
DEBUG - 2025-12-01 02:12:17 --> Session: Class initialized using 'CodeIgniter\Session\Handlers\FileHandler' driver.
DEBUG - 2025-12-01 02:12:17 --> Session: Class initialized using 'CodeIgniter\Session\Handlers\FileHandler' driver.
DEBUG - 2025-12-01 02:12:34 --> Session: Class initialized using 'CodeIgniter\Session\Handlers\FileHandler' driver.
DEBUG - 2025-12-01 02:12:34 --> Session: Class initialized using 'CodeIgniter\Session\Handlers\FileHandler' driver.
DEBUG - 2025-12-01 02:14:29 --> Session: Class initialized using 'CodeIgniter\Session\Handlers\FileHandler' driver.
DEBUG - 2025-12-01 02:14:29 --> Session: Class initialized using 'CodeIgniter\Session\Handlers\FileHandler' driver.
DEBUG - 2025-12-01 02:14:30 --> Session: Class initialized using 'CodeIgniter\Session\Handlers\FileHandler' driver.
DEBUG - 2025-12-01 02:16:30 --> Session: Class initialized using 'CodeIgniter\Session\Handlers\FileHandler' driver.
DEBUG - 2025-12-01 02:16:30 --> Session: Class initialized using 'CodeIgniter\Session\Handlers\FileHandler' driver.
DEBUG - 2025-12-01 02:16:37 --> Session: Class initialized using 'CodeIgniter\Session\Handlers\FileHandler' driver.
DEBUG - 2025-12-01 02:16:37 --> Session: Class initialized using 'CodeIgniter\Session\Handlers\FileHandler' driver.
DEBUG - 2025-12-01 02:16:41 --> Session: Class initialized using 'CodeIgniter\Session\Handlers\FileHandler' driver.
DEBUG - 2025-12-01 02:16:43 --> Session: Class initialized using 'CodeIgniter\Session\Handlers\FileHandler' driver.
DEBUG - 2025-12-01 02:16:54 --> Session: Class initialized using 'CodeIgniter\Session\Handlers\FileHandler' driver.
DEBUG - 2025-12-01 02:16:55 --> Session: Class initialized using 'CodeIgniter\Session\Handlers\FileHandler' driver.
DEBUG - 2025-12-01 02:16:56 --> Session: Class initialized using 'CodeIgniter\Session\Handlers\FileHandler' driver.
DEBUG - 2025-12-01 02:17:06 --> Session: Class initialized using 'CodeIgniter\Session\Handlers\FileHandler' driver.
DEBUG - 2025-12-01 02:17:11 --> Session: Class initialized using 'CodeIgniter\Session\Handlers\FileHandler' driver.
DEBUG - 2025-12-01 02:17:11 --> Session: Class initialized using 'CodeIgniter\Session\Handlers\FileHandler' driver.
DEBUG - 2025-12-01 02:17:13 --> Session: Class initialized using 'CodeIgniter\Session\Handlers\FileHandler' driver.
DEBUG - 2025-12-01 02:17:15 --> Session: Class initialized using 'CodeIgniter\Session\Handlers\FileHandler' driver.
DEBUG - 2025-12-01 02:17:59 --> Session: Class initialized using 'CodeIgniter\Session\Handlers\FileHandler' driver.
DEBUG - 2025-12-01 02:18:06 --> Session: Class initialized using 'CodeIgniter\Session\Handlers\FileHandler' driver.
DEBUG - 2025-12-01 02:18:13 --> Session: Class initialized using 'CodeIgniter\Session\Handlers\FileHandler' driver.
DEBUG - 2025-12-01 02:28:29 --> Session: Class initialized using 'CodeIgniter\Session\Handlers\FileHandler' driver.
DEBUG - 2025-12-01 02:31:17 --> Session: Class initialized using 'CodeIgniter\Session\Handlers\FileHandler' driver.
DEBUG - 2025-12-01 02:33:13 --> Session: Class initialized using 'CodeIgniter\Session\Handlers\FileHandler' driver.
DEBUG - 2025-12-01 02:33:13 --> Session: Class initialized using 'CodeIgniter\Session\Handlers\FileHandler' driver.
DEBUG - 2025-12-01 02:33:20 --> Session: Class initialized using 'CodeIgniter\Session\Handlers\FileHandler' driver.
DEBUG - 2025-12-01 02:33:37 --> Session: Class initialized using 'CodeIgniter\Session\Handlers\FileHandler' driver.
DEBUG - 2025-12-01 02:33:40 --> Session: Class initialized using 'CodeIgniter\Session\Handlers\FileHandler' driver.
DEBUG - 2025-12-01 02:33:51 --> Session: Class initialized using 'CodeIgniter\Session\Handlers\FileHandler' driver.
DEBUG - 2025-12-01 02:33:51 --> Session: Class initialized using 'CodeIgniter\Session\Handlers\FileHandler' driver.
DEBUG - 2025-12-01 02:33:59 --> Session: Class initialized using 'CodeIgniter\Session\Handlers\FileHandler' driver.
DEBUG - 2025-12-01 02:33:59 --> Session: Class initialized using 'CodeIgniter\Session\Handlers\FileHandler' driver.
DEBUG - 2025-12-01 02:34:13 --> Session: Class initialized using 'CodeIgniter\Session\Handlers\FileHandler' driver.
DEBUG - 2025-12-01 02:34:13 --> Session: Class initialized using 'CodeIgniter\Session\Handlers\FileHandler' driver.
DEBUG - 2025-12-01 02:34:18 --> Session: Class initialized using 'CodeIgniter\Session\Handlers\FileHandler' driver.
DEBUG - 2025-12-01 02:34:46 --> Session: Class initialized using 'CodeIgniter\Session\Handlers\FileHandler' driver.
DEBUG - 2025-12-01 02:35:08 --> Session: Class initialized using 'CodeIgniter\Session\Handlers\FileHandler' driver.
DEBUG - 2025-12-01 02:35:30 --> Session: Class initialized using 'CodeIgniter\Session\Handlers\FileHandler' driver.
DEBUG - 2025-12-01 02:35:31 --> Session: Class initialized using 'CodeIgniter\Session\Handlers\FileHandler' driver.
DEBUG - 2025-12-01 02:35:35 --> Session: Class initialized using 'CodeIgniter\Session\Handlers\FileHandler' driver.
DEBUG - 2025-12-01 02:35:59 --> Session: Class initialized using 'CodeIgniter\Session\Handlers\FileHandler' driver.
DEBUG - 2025-12-01 02:36:00 --> Session: Class initialized using 'CodeIgniter\Session\Handlers\FileHandler' driver.
DEBUG - 2025-12-01 02:36:03 --> Session: Class initialized using 'CodeIgniter\Session\Handlers\FileHandler' driver.
DEBUG - 2025-12-01 02:36:11 --> Session: Class initialized using 'CodeIgniter\Session\Handlers\FileHandler' driver.
DEBUG - 2025-12-01 02:36:13 --> Session: Class initialized using 'CodeIgniter\Session\Handlers\FileHandler' driver.
DEBUG - 2025-12-01 02:36:24 --> Session: Class initialized using 'CodeIgniter\Session\Handlers\FileHandler' driver.
DEBUG - 2025-12-01 02:36:24 --> Session: Class initialized using 'CodeIgniter\Session\Handlers\FileHandler' driver.
DEBUG - 2025-12-01 02:36:26 --> Session: Class initialized using 'CodeIgniter\Session\Handlers\FileHandler' driver.
DEBUG - 2025-12-01 02:36:42 --> Session: Class initialized using 'CodeIgniter\Session\Handlers\FileHandler' driver.
DEBUG - 2025-12-01 02:37:08 --> Session: Class initialized using 'CodeIgniter\Session\Handlers\FileHandler' driver.
DEBUG - 2025-12-01 02:37:08 --> Session: Class initialized using 'CodeIgniter\Session\Handlers\FileHandler' driver.
DEBUG - 2025-12-01 02:37:29 --> Session: Class initialized using 'CodeIgniter\Session\Handlers\FileHandler' driver.
DEBUG - 2025-12-01 02:37:45 --> Session: Class initialized using 'CodeIgniter\Session\Handlers\FileHandler' driver.
DEBUG - 2025-12-01 02:37:45 --> Session: Class initialized using 'CodeIgniter\Session\Handlers\FileHandler' driver.
DEBUG - 2025-12-01 02:38:27 --> Session: Class initialized using 'CodeIgniter\Session\Handlers\FileHandler' driver.
DEBUG - 2025-12-01 02:38:37 --> Session: Class initialized using 'CodeIgniter\Session\Handlers\FileHandler' driver.
DEBUG - 2025-12-01 02:38:45 --> Session: Class initialized using 'CodeIgniter\Session\Handlers\FileHandler' driver.
DEBUG - 2025-12-01 02:38:45 --> Session: Class initialized using 'CodeIgniter\Session\Handlers\FileHandler' driver.
DEBUG - 2025-12-01 02:38:48 --> Session: Class initialized using 'CodeIgniter\Session\Handlers\FileHandler' driver.
DEBUG - 2025-12-01 02:38:53 --> Session: Class initialized using 'CodeIgniter\Session\Handlers\FileHandler' driver.
ERROR - 2025-12-01 02:38:54 --> Email: sendWithSmtp throwed ErrorException: fsockopen(): Unable to connect to smtp.gmail.com:587 (Cannot assign requested address) in /home/permat43/cici.rplsph.my.id/EllieSecre/beholf/system/Email/Email.php:1900
Stack trace:
#0 [internal function]: CodeIgniter\Debug\Exceptions->errorHandler()
#1 /home/permat43/cici.rplsph.my.id/EllieSecre/beholf/system/Email/Email.php(1900): fsockopen()
#2 /home/permat43/cici.rplsph.my.id/EllieSecre/beholf/system/Email/Email.php(1813): CodeIgniter\Email\Email->SMTPConnect()
#3 /home/permat43/cici.rplsph.my.id/EllieSecre/beholf/system/Email/Email.php(1698): CodeIgniter\Email\Email->sendWithSmtp()
#4 /home/permat43/cici.rplsph.my.id/EllieSecre/beholf/system/Email/Email.php(1592): CodeIgniter\Email\Email->spoolEmail()
#5 /home/permat43/cici.rplsph.my.id/EllieSecre/beholf/app/Controllers/Reminder.php(85): CodeIgniter\Email\Email->send()
#6 /home/permat43/cici.rplsph.my.id/EllieSecre/beholf/app/Controllers/Login.php(73): App\Controllers\Reminder->sendMeetingReminders()
#7 /home/permat43/cici.rplsph.my.id/EllieSecre/beholf/system/CodeIgniter.php(933): App\Controllers\Login->aksi_login()
#8 /home/permat43/cici.rplsph.my.id/EllieSecre/beholf/system/CodeIgniter.php(507): CodeIgniter\CodeIgniter->runController()
#9 /home/permat43/cici.rplsph.my.id/EllieSecre/beholf/system/CodeIgniter.php(354): CodeIgniter\CodeIgniter->handleRequest()
#10 /home/permat43/cici.rplsph.my.id/EllieSecre/beholf/system/Boot.php(334): CodeIgniter\CodeIgniter->run()
#11 /home/permat43/cici.rplsph.my.id/EllieSecre/beholf/system/Boot.php(67): CodeIgniter\Boot::runCodeIgniter()
#12 /home/permat43/cici.rplsph.my.id/EllieSecre/index.php(59): CodeIgniter\Boot::bootWeb()
#13 {main}
ERROR - 2025-12-01 02:38:54 --> Email: Unable to send email using SMTP. Your server might not be configured to send mail using this method.
ERROR - 2025-12-01 02:38:54 --> 
ERROR - 2025-12-01 02:38:54 --> Failed to send meeting reminder to kurumidafox@gmail.com: Unable to send email using SMTP. Your server might not be configured to send mail using this method.<br><pre>Date: Mon, 1 Dec 2025 02:38:53 +0000
To: kurumidafox@gmail.com
Subject: =?UTF-8?Q?Meeting=20Reminder:=20Persiapan=20SIdang?=
From: &quot;EllieMeetingAssistant&quot; &lt;ryukusune@gmail.com&gt;
Return-Path: &lt;ryukusune@gmail.com&gt;
Reply-To: &lt;ryukusune@gmail.com&gt;
User-Agent: CodeIgniter
X-Sender: ryukusune@gmail.com
X-Mailer: CodeIgniter
X-Priority: 3 (Normal)
Message-ID: &lt;692cffbda18499.27984826@gmail.com&gt;
Mime-Version: 1.0


Content-Type: multipart/alternative; boundary=&quot;B_ALT_692cffbda186a8.01679541&quot;

This is a multi-part message in MIME format.
Your email application may not support this format.

--B_ALT_692cffbda186a8.01679541
Content-Type: text/plain; charset=UTF-8
Content-Transfer-Encoding: 8bit

Meeting Reminder

 Persiapan SIdang
 📅 Date &amp; Time: 01 Dec 2025, 12:36 WIB
 ⏰ Time until meeting: 02:57
 📍 Location: Lab Komputer
 📝 Notes: Membicarakan tentang apa saja yang perlu dipersiapkan


 This is an automated reminder from Ellie Meeting Assistant.


--B_ALT_692cffbda186a8.01679541
Content-Type: text/html; charset=UTF-8
Content-Transfer-Encoding: quoted-printable

=0A                &lt;div style=3D&#039;font-family: Arial, sans-serif; max-width:=
 600px; margin: 0 auto;&#039;&gt;=0A                    &lt;h2 style=3D&#039;color: #fc7eaf=
;&#039;&gt;Meeting Reminder&lt;/h2&gt;=0A                    &lt;div style=3D&#039;background: #f=
8f9fa; padding: 20px; border-radius: 8px; margin: 20px 0;&#039;&gt;=0A             =
           &lt;h3&gt;Persiapan SIdang&lt;/h3&gt;=0A                        &lt;p&gt;&lt;strong&gt;=
=F0=9F=93=85 Date &amp; Time:&lt;/strong&gt; 01 Dec 2025, 12:36 WIB&lt;/p&gt;=0A           =
             &lt;p&gt;&lt;strong&gt;=E2=8F=B0 Time until meeting:&lt;/strong&gt; 02:57&lt;/p&gt;=0A=
                        &lt;p&gt;&lt;strong&gt;=F0=9F=93=8D Location:&lt;/strong&gt; Lab Komp=
uter&lt;/p&gt;=0A                        &lt;p&gt;&lt;strong&gt;=F0=9F=93=9D Notes:&lt;/strong&gt; =
Membicarakan tentang apa saja yang perlu dipersiapkan&lt;/p&gt;=0A               =
     &lt;/div&gt;=0A                    &lt;p style=3D&#039;color: #666; font-size: 14px;=
&#039;&gt;=0A                        This is an automated reminder from Ellie Meeti=
ng Assistant.=0A                    &lt;/p&gt;=0A                &lt;/div&gt;

--B_ALT_692cffbda186a8.01679541--</pre>
DEBUG - 2025-12-01 02:38:54 --> Session: Class initialized using 'CodeIgniter\Session\Handlers\FileHandler' driver.
ERROR - 2025-12-01 02:38:55 --> Email: sendWithSmtp throwed ErrorException: fsockopen(): Unable to connect to smtp.gmail.com:587 (Cannot assign requested address) in /home/permat43/cici.rplsph.my.id/EllieSecre/beholf/system/Email/Email.php:1900
Stack trace:
#0 [internal function]: CodeIgniter\Debug\Exceptions->errorHandler()
#1 /home/permat43/cici.rplsph.my.id/EllieSecre/beholf/system/Email/Email.php(1900): fsockopen()
#2 /home/permat43/cici.rplsph.my.id/EllieSecre/beholf/system/Email/Email.php(1813): CodeIgniter\Email\Email->SMTPConnect()
#3 /home/permat43/cici.rplsph.my.id/EllieSecre/beholf/system/Email/Email.php(1698): CodeIgniter\Email\Email->sendWithSmtp()
#4 /home/permat43/cici.rplsph.my.id/EllieSecre/beholf/system/Email/Email.php(1592): CodeIgniter\Email\Email->spoolEmail()
#5 /home/permat43/cici.rplsph.my.id/EllieSecre/beholf/app/Controllers/Reminder.php(85): CodeIgniter\Email\Email->send()
#6 /home/permat43/cici.rplsph.my.id/EllieSecre/beholf/app/Controllers/Admin.php(36): App\Controllers\Reminder->sendMeetingReminders()
#7 /home/permat43/cici.rplsph.my.id/EllieSecre/beholf/system/CodeIgniter.php(933): App\Controllers\Admin->index()
#8 /home/permat43/cici.rplsph.my.id/EllieSecre/beholf/system/CodeIgniter.php(507): CodeIgniter\CodeIgniter->runController()
#9 /home/permat43/cici.rplsph.my.id/EllieSecre/beholf/system/CodeIgniter.php(354): CodeIgniter\CodeIgniter->handleRequest()
#10 /home/permat43/cici.rplsph.my.id/EllieSecre/beholf/system/Boot.php(334): CodeIgniter\CodeIgniter->run()
#11 /home/permat43/cici.rplsph.my.id/EllieSecre/beholf/system/Boot.php(67): CodeIgniter\Boot::runCodeIgniter()
#12 /home/permat43/cici.rplsph.my.id/EllieSecre/index.php(59): CodeIgniter\Boot::bootWeb()
#13 {main}
ERROR - 2025-12-01 02:38:55 --> Email: Unable to send email using SMTP. Your server might not be configured to send mail using this method.
ERROR - 2025-12-01 02:38:55 --> 
ERROR - 2025-12-01 02:38:55 --> Failed to send meeting reminder to kurumidafox@gmail.com: Unable to send email using SMTP. Your server might not be configured to send mail using this method.<br><pre>Date: Mon, 1 Dec 2025 02:38:54 +0000
To: kurumidafox@gmail.com
Subject: =?UTF-8?Q?Meeting=20Reminder:=20Persiapan=20SIdang?=
From: &quot;EllieMeetingAssistant&quot; &lt;ryukusune@gmail.com&gt;
Return-Path: &lt;ryukusune@gmail.com&gt;
Reply-To: &lt;ryukusune@gmail.com&gt;
User-Agent: CodeIgniter
X-Sender: ryukusune@gmail.com
X-Mailer: CodeIgniter
X-Priority: 3 (Normal)
Message-ID: &lt;692cffbede7917.70300591@gmail.com&gt;
Mime-Version: 1.0


Content-Type: multipart/alternative; boundary=&quot;B_ALT_692cffbede7a82.98423217&quot;

This is a multi-part message in MIME format.
Your email application may not support this format.

--B_ALT_692cffbede7a82.98423217
Content-Type: text/plain; charset=UTF-8
Content-Transfer-Encoding: 8bit

Meeting Reminder

 Persiapan SIdang
 📅 Date &amp; Time: 01 Dec 2025, 12:36 WIB
 ⏰ Time until meeting: 02:57
 📍 Location: Lab Komputer
 📝 Notes: Membicarakan tentang apa saja yang perlu dipersiapkan


 This is an automated reminder from Ellie Meeting Assistant.


--B_ALT_692cffbede7a82.98423217
Content-Type: text/html; charset=UTF-8
Content-Transfer-Encoding: quoted-printable

=0A                &lt;div style=3D&#039;font-family: Arial, sans-serif; max-width:=
 600px; margin: 0 auto;&#039;&gt;=0A                    &lt;h2 style=3D&#039;color: #fc7eaf=
;&#039;&gt;Meeting Reminder&lt;/h2&gt;=0A                    &lt;div style=3D&#039;background: #f=
8f9fa; padding: 20px; border-radius: 8px; margin: 20px 0;&#039;&gt;=0A             =
           &lt;h3&gt;Persiapan SIdang&lt;/h3&gt;=0A                        &lt;p&gt;&lt;strong&gt;=
=F0=9F=93=85 Date &amp; Time:&lt;/strong&gt; 01 Dec 2025, 12:36 WIB&lt;/p&gt;=0A           =
             &lt;p&gt;&lt;strong&gt;=E2=8F=B0 Time until meeting:&lt;/strong&gt; 02:57&lt;/p&gt;=0A=
                        &lt;p&gt;&lt;strong&gt;=F0=9F=93=8D Location:&lt;/strong&gt; Lab Komp=
uter&lt;/p&gt;=0A                        &lt;p&gt;&lt;strong&gt;=F0=9F=93=9D Notes:&lt;/strong&gt; =
Membicarakan tentang apa saja yang perlu dipersiapkan&lt;/p&gt;=0A               =
     &lt;/div&gt;=0A                    &lt;p style=3D&#039;color: #666; font-size: 14px;=
&#039;&gt;=0A                        This is an automated reminder from Ellie Meeti=
ng Assistant.=0A                    &lt;/p&gt;=0A                &lt;/div&gt;

--B_ALT_692cffbede7a82.98423217--</pre>
DEBUG - 2025-12-01 02:42:03 --> Session: Class initialized using 'CodeIgniter\Session\Handlers\FileHandler' driver.
