CRITICAL - 2025-08-13 04:22:12 --> ErrorException: file_get_contents(https://www.google.com/recaptcha/api/siteverify?secret=6LeZQekqAAAAAIk1nT3Xbz4KcKFyZ4Uk51w8m1b4&amp;response=0cAFcWeA5r2LGzwBH0e-AvUw6ofOWyREKn8j8x645mCIVvdp9dikREMJqxhD4fmrfzyAtzticRkM-0VlUxUP6NzOvsyl4yOyS3JvuUQw6kUOK_riXr5a3km1RKhRE4HSW0UdpqlsXOZSsbeSDC-7oSgeT5MSWyX_j0gjvQvcGX_EPJ71GFUrLU1w_pjRB6VOPz7X4-96DXjVx5xpxB4pGYVniz0FD-yTu4ihGj8Xu__ngxa_epTdsxYWCqIMk3lS6CVgMpFcT5pOgC4u7cJ7F5Lf3R-E0iIEB4uknJUdF00cxFjlKl0LcBB2zCymgP08A63CWGWIfGr521WuTWvxnmR_oknrHcCfQqIpnHDOICYSK7h0Duln1SDZmFIlpNO1elycwB1fgFihDRAwYQ_ZH1QEugFUTK6h2FmqZttnz8WeQUjdNTipHKylKlNp3Mq8pMd1tfajizMZE_J3hSQ1Ya1CKO2RzoVWrfK8QH_Ki1i1kY4SQv-FNlj9Ie4T_wB7qMkAF_eSN51VkQ2JkhTuVe29oO9vzlZifDEwOkHxJFg8pdc-3TNwKM-EndI-zP8D1CFWcnc_RKoi2wSSoRnCfBVhKMsLcDabusLJs1W9pOWkgOFsKQrs6854viUb2K3VRE4K2C6G6BXELtFnILqJF7vO3lsmR-gW86u86ewRRSCx4Wd7n6OueVwsQZmpmPRHzkeCdylAP1mMqfeXINbQwZWvareeV466AOaVc3XS9XC3Ki2snUaHvj2COXDXrLAArWEAgjBpf0RDk-buuR9UBI0dkPKAWwdNWOUq6cNZNaYYgXpvclu37VM-vSUetkClQtKsoL0BJvRDrlAtXNMXum3JhvU7qRzgO36LMO_nkwarOeFmh7zPmyZeW1rGUd1nTKrQ69sH0mS6Q9S4da26tr12puQBsxSa0JdYSmT-pNc66ZOytSvY1Gt0KHaWiDaGv1wEl_D3zih8zptKCsJFXU3LP06Yy7V7qpgkP4QClTtHa8kLpeHsmrl8p1ylAEMXZeVe4sYsHAR82qwh8XYvAHnbFBWDf4CxIWhS3FRSZw5rvcTtvXfObvFLqSH3LDd2OiGNd7t_sJmX1H10UCoc_0GjU2TN9oKc_7fo-DFr9GFvKzLDq7MX49C_ZL27R-3nK82hmaMKJs63LzuUwRIyBoI1E-OWvd0-z6BeSdKXWkUWSO4PJ0TKIsQy-v17XN2mz2lntMheAeeezJ3hPfQMpV9Hrj6IgM5uIRw9gUtus-8vtinKv_HEJUF1hYOlEWs4HCub4vs9mRUgztDJ-fiGU3HFyhpuqh0JjQmn0YPWaTpBwGBTvxZTuJLPVDgjjvBXNc6gg15Xi6Ab5FHRvVzD85ggga9z3MSWdKR18lgPa39LAyUBtqrC87ntIU5q2EPZ3Y_fJNfnQ3-R8ER_QnOJVY9fooYDHYAFsuksH2QYk39Ftf0H-eG5BC6PJrO0UuI1CokVuEaiN2QQM4aq3gWJ49Mn1emV1oDqBiFtSKf74RJCJgDm0PpLpIF3GH-NvwQxqSTfbQlpDOGXBqE0-9-n--ehiztC4jRgzmRGJgzQ6qrdwaf66J5L0WEFLIekacl1cCEU_oGDlCO0Pa8yLntutkFZvVEMIG_qP-NA): Failed to open stream: HTTP request failed!
[Method: POST, Route: login/aksi_login]
in APPPATH/Controllers/Login.php on line 31.
 1 [internal function]: CodeIgniter\Debug\Exceptions->errorHandler()
 2 APPPATH/Controllers/Login.php(31): file_get_contents()
 3 SYSTEMPATH/CodeIgniter.php(933): App\Controllers\Login->aksi_login()
 4 SYSTEMPATH/CodeIgniter.php(507): CodeIgniter\CodeIgniter->runController()
 5 SYSTEMPATH/CodeIgniter.php(354): CodeIgniter\CodeIgniter->handleRequest()
 6 SYSTEMPATH/Boot.php(334): CodeIgniter\CodeIgniter->run()
 7 SYSTEMPATH/Boot.php(67): CodeIgniter\Boot::runCodeIgniter()
 8 FCPATH/index.php(59): CodeIgniter\Boot::bootWeb()
CRITICAL - 2025-08-13 04:23:44 --> ErrorException: file_get_contents(https://www.google.com/recaptcha/api/siteverify?secret=6LeZQekqAAAAAIk1nT3Xbz4KcKFyZ4Uk51w8m1b4&amp;response=0cAFcWeA4dn1iROBCwhrbxPUTtWzFtL5sM_MUbnf1aB7hWX2lFgpQQJmZ6B7lWt0-1sjuuiqZfpacnANh-8S_WH3Lyno-z1hylPS-vAkoMZ9xc8vNFKqW1afeycXBGUMEyO-TrmkyVCG_a0pNbwh4RorFk3z62Sg0dulE2GYPYoTGyBfwNAI1M_rk8v1U0QegUv2PVPXqQU5JW3bh4dsn4Jv-jk_vt1N6zefO9gsuu4afGPMFRb6COiz687D537SQTJEc6eJ2t677LZpMaw_llxX76pMTmORBUxijZd4Gq8dGj7df2L1vV-TneSQ_1hleb8yId6L0uPCvqgo2QlQPnTt9blVwboIuuCjDRdYPEXhUIbyO89jhRFo-4osOp9PyFLCn0UvHc_SoH2t25CUNggats9wBTEXOSauncoxWZqCale5Ni0mE_C3bsQIZh8lddF_s3Ij3EbjQxVt8u3R7fOrbqQMFE-xyHdNVGcGMMBMt6LaZ0EnMxfjeYcchpqDo6QlxMBgj2TfqiniqGD_EBBrwanqRC5SNdFpW_YZgK_7cjuZd7GqU8hqqZc3UQbqSlQqSVrhADi49Z7iCxSmEdyUsc1FXEAzpyuiMJ67ElHGYbsl7klwUNtCAwn9pwjMrzCCoVK6u-EAb5enxv9s4VyaIhh7pLP7UDQYeeAcAhKipphE4udlVYAWvDIEacY8vZh1ejoC7jqpvAEkcZaHLSTyvnjF-9JSr6nF1UDqIS8StYFV88unMy1UkrL_BVyXYPjhPaiS_h60os37LiDIwhWy2KskBaDHrSUMz1IUlhPmEq-NZwaD3je3at5DIXGZ2tJmv9ogO5PONlbXnI34CIWUksBtafo4aT_U7fTWX4zB-dauJgSpC-gEtFJXlxQ-SmMYQgA-JTLqQyWG5JysRDR107vyyXkLGG6MTFhMFgPMiYDxTulBHJe7biG4P3y4a_qDONvD5XSql8grBhsoFg-tL3HA0WybF1iWS3UiS4yiA49qUIGtTyOgOAIwWCh78-VH9wn985GmKJn-5tw049DqfkwRXNaskF8Vs3QKqRdS6OredyJGiKfLdL3-z-m1KtaSfD7H5mk7Afaid9q0KH5wM_dVIGCm2rCUE-XCsI7Vhaz8D-igg6zRl75dxG4LH2u-ymXnAXiuthjGQvCrw1f3df-abmhaLd4yEix4QwKNjnKzIES6PB1j1jlx6nl9S_WdPahtPiAW_qUf3N7DClN5CVlFyEeqahVvlcG1FSxP2oudQiZX0NOFqNOYxAIl4NkyEPNS1Mcy2CiFVEGR5De66l48uW1jHpp76TU5k_51BPPCWgUkoKNRAnHkbFNUB1g5voRxmtHo0qDmoC4SJsg4e5CJRWH51IyciAXwfYj4M-LlfbWKmmhr5ESe4TKBanEf5f1d6N5zoXUG4PPYlO3ycMDVVIWQ3Ex3eyKbPYDXXefpVFSReUoD242JKqdiyY_z0-aIpKscix8m1gKi5XCh382oVEqmbOFkFoJr6srbas58Seb6g_hnQnuQSjH10LAbfms_VVvB-zUzrqJCIjnX0XnFbx27bxSlcvSeMF2XDVg1DY3BYpCQfG55yk8jWBhGgNZy9wtZ0z): Failed to open stream: HTTP request failed!
[Method: POST, Route: login/aksi_login]
in APPPATH/Controllers/Login.php on line 31.
 1 [internal function]: CodeIgniter\Debug\Exceptions->errorHandler()
 2 APPPATH/Controllers/Login.php(31): file_get_contents()
 3 SYSTEMPATH/CodeIgniter.php(933): App\Controllers\Login->aksi_login()
 4 SYSTEMPATH/CodeIgniter.php(507): CodeIgniter\CodeIgniter->runController()
 5 SYSTEMPATH/CodeIgniter.php(354): CodeIgniter\CodeIgniter->handleRequest()
 6 SYSTEMPATH/Boot.php(334): CodeIgniter\CodeIgniter->run()
 7 SYSTEMPATH/Boot.php(67): CodeIgniter\Boot::runCodeIgniter()
 8 FCPATH/index.php(59): CodeIgniter\Boot::bootWeb()
